{"numTotalTestSuites":58,"numPassedTestSuites":58,"numFailedTestSuites":0,"numPendingTestSuites":0,"numTotalTests":214,"numPassedTests":214,"numFailedTests":0,"numPendingTests":0,"numTodoTests":0,"snapshot":{"added":0,"failure":false,"filesAdded":0,"filesRemoved":0,"filesRemovedList":[],"filesUnmatched":0,"filesUpdated":0,"matched":0,"total":0,"unchecked":0,"uncheckedKeysByFile":[],"unmatched":0,"updated":0,"didUpdate":false},"startTime":1751792898372,"success":true,"testResults":[{"assertionResults":[{"ancestorTitles":["ariaUtils","createAriaAttributes"],"fullName":"ariaUtils createAriaAttributes 기본 ARIA 속성을 생성해야 한다","status":"passed","title":"기본 ARIA 속성을 생성해야 한다","duration":1.2688750000000368,"failureMessages":[],"meta":{}},{"ancestorTitles":["ariaUtils","createAriaAttributes"],"fullName":"ariaUtils createAriaAttributes 추가 속성을 포함해야 한다","status":"passed","title":"추가 속성을 포함해야 한다","duration":0.13066700000001674,"failureMessages":[],"meta":{}},{"ancestorTitles":["ariaUtils","createAriaAttributes"],"fullName":"ariaUtils createAriaAttributes 다양한 역할을 지원해야 한다","status":"passed","title":"다양한 역할을 지원해야 한다","duration":0.19900000000001228,"failureMessages":[],"meta":{}},{"ancestorTitles":["ariaUtils","createLiveRegionAttributes"],"fullName":"ariaUtils createLiveRegionAttributes 기본 라이브 리전 속성을 생성해야 한다","status":"passed","title":"기본 라이브 리전 속성을 생성해야 한다","duration":0.092708000000016,"failureMessages":[],"meta":{}},{"ancestorTitles":["ariaUtils","createLiveRegionAttributes"],"fullName":"ariaUtils createLiveRegionAttributes assertive 라이브 리전을 생성해야 한다","status":"passed","title":"assertive 라이브 리전을 생성해야 한다","duration":0.06291600000002973,"failureMessages":[],"meta":{}},{"ancestorTitles":["ariaUtils","createLiveRegionAttributes"],"fullName":"ariaUtils createLiveRegionAttributes off 상태의 라이브 리전을 생성해야 한다","status":"passed","title":"off 상태의 라이브 리전을 생성해야 한다","duration":0.05308300000001509,"failureMessages":[],"meta":{}},{"ancestorTitles":["ariaUtils","createProgressAttributes"],"fullName":"ariaUtils createProgressAttributes 진행률 속성을 생성해야 한다","status":"passed","title":"진행률 속성을 생성해야 한다","duration":0.08241599999996652,"failureMessages":[],"meta":{}},{"ancestorTitles":["ariaUtils","createProgressAttributes"],"fullName":"ariaUtils createProgressAttributes 완료된 진행률을 처리해야 한다","status":"passed","title":"완료된 진행률을 처리해야 한다","duration":0.07587499999999636,"failureMessages":[],"meta":{}},{"ancestorTitles":["ariaUtils","createProgressAttributes"],"fullName":"ariaUtils createProgressAttributes 0% 진행률을 처리해야 한다","status":"passed","title":"0% 진행률을 처리해야 한다","duration":0.0714580000000069,"failureMessages":[],"meta":{}},{"ancestorTitles":["ariaUtils","createTabAttributes"],"fullName":"ariaUtils createTabAttributes 선택된 탭 속성을 생성해야 한다","status":"passed","title":"선택된 탭 속성을 생성해야 한다","duration":0.15533300000004147,"failureMessages":[],"meta":{}},{"ancestorTitles":["ariaUtils","createTabAttributes"],"fullName":"ariaUtils createTabAttributes 선택되지 않은 탭 속성을 생성해야 한다","status":"passed","title":"선택되지 않은 탭 속성을 생성해야 한다","duration":0.0670409999999606,"failureMessages":[],"meta":{}},{"ancestorTitles":["ariaUtils","createDialogAttributes"],"fullName":"ariaUtils createDialogAttributes 기본 다이얼로그 속성을 생성해야 한다","status":"passed","title":"기본 다이얼로그 속성을 생성해야 한다","duration":0.07312500000000455,"failureMessages":[],"meta":{}},{"ancestorTitles":["ariaUtils","createDialogAttributes"],"fullName":"ariaUtils createDialogAttributes 설명이 있는 다이얼로그 속성을 생성해야 한다","status":"passed","title":"설명이 있는 다이얼로그 속성을 생성해야 한다","duration":0.06070799999997689,"failureMessages":[],"meta":{}},{"ancestorTitles":["ariaUtils","createButtonGroupAttributes"],"fullName":"ariaUtils createButtonGroupAttributes 기본 버튼 그룹 속성을 생성해야 한다","status":"passed","title":"기본 버튼 그룹 속성을 생성해야 한다","duration":0.06712500000003274,"failureMessages":[],"meta":{}},{"ancestorTitles":["ariaUtils","createButtonGroupAttributes"],"fullName":"ariaUtils createButtonGroupAttributes 수직 버튼 그룹 속성을 생성해야 한다","status":"passed","title":"수직 버튼 그룹 속성을 생성해야 한다","duration":0.056250000000034106,"failureMessages":[],"meta":{}},{"ancestorTitles":["ariaUtils","createListAttributes"],"fullName":"ariaUtils createListAttributes 기본 리스트 속성을 생성해야 한다","status":"passed","title":"기본 리스트 속성을 생성해야 한다","duration":0.4534590000000094,"failureMessages":[],"meta":{}},{"ancestorTitles":["ariaUtils","createListAttributes"],"fullName":"ariaUtils createListAttributes 크기가 지정된 리스트 속성을 생성해야 한다","status":"passed","title":"크기가 지정된 리스트 속성을 생성해야 한다","duration":0.07279199999999264,"failureMessages":[],"meta":{}},{"ancestorTitles":["ariaUtils","createListAttributes"],"fullName":"ariaUtils createListAttributes 0 크기 리스트를 처리해야 한다","status":"passed","title":"0 크기 리스트를 처리해야 한다","duration":0.050874999999962256,"failureMessages":[],"meta":{}},{"ancestorTitles":["ariaUtils","createListItemAttributes"],"fullName":"ariaUtils createListItemAttributes 리스트 아이템 속성을 생성해야 한다","status":"passed","title":"리스트 아이템 속성을 생성해야 한다","duration":0.07562500000000227,"failureMessages":[],"meta":{}},{"ancestorTitles":["ariaUtils","createListItemAttributes"],"fullName":"ariaUtils createListItemAttributes 라벨 없는 리스트 아이템을 생성해야 한다","status":"passed","title":"라벨 없는 리스트 아이템을 생성해야 한다","duration":0.055542000000002645,"failureMessages":[],"meta":{}},{"ancestorTitles":["ariaUtils","createListItemAttributes"],"fullName":"ariaUtils createListItemAttributes 첫 번째와 마지막 아이템을 처리해야 한다","status":"passed","title":"첫 번째와 마지막 아이템을 처리해야 한다","duration":0.0976660000000038,"failureMessages":[],"meta":{}},{"ancestorTitles":["ariaUtils","createAlertAttributes"],"fullName":"ariaUtils createAlertAttributes 기본 알림 속성을 생성해야 한다","status":"passed","title":"기본 알림 속성을 생성해야 한다","duration":0.0735000000000241,"failureMessages":[],"meta":{}},{"ancestorTitles":["ariaUtils","createAlertAttributes"],"fullName":"ariaUtils createAlertAttributes 긴급 알림 속성을 생성해야 한다","status":"passed","title":"긴급 알림 속성을 생성해야 한다","duration":0.059583000000031916,"failureMessages":[],"meta":{}},{"ancestorTitles":["ariaUtils","isFocusable"],"fullName":"ariaUtils isFocusable tabindex가 0 이상인 요소는 포커스 가능해야 한다","status":"passed","title":"tabindex가 0 이상인 요소는 포커스 가능해야 한다","duration":0.26441699999998036,"failureMessages":[],"meta":{}},{"ancestorTitles":["ariaUtils","isFocusable"],"fullName":"ariaUtils isFocusable tabindex가 -1인 요소는 포커스 불가능해야 한다","status":"passed","title":"tabindex가 -1인 요소는 포커스 불가능해야 한다","duration":0.11983299999997143,"failureMessages":[],"meta":{}},{"ancestorTitles":["ariaUtils","isFocusable"],"fullName":"ariaUtils isFocusable 버튼 요소는 포커스 가능해야 한다","status":"passed","title":"버튼 요소는 포커스 가능해야 한다","duration":0.09608299999996461,"failureMessages":[],"meta":{}},{"ancestorTitles":["ariaUtils","isFocusable"],"fullName":"ariaUtils isFocusable 비활성화된 버튼은 포커스 불가능해야 한다","status":"passed","title":"비활성화된 버튼은 포커스 불가능해야 한다","duration":0.09187500000001592,"failureMessages":[],"meta":{}},{"ancestorTitles":["ariaUtils","isFocusable"],"fullName":"ariaUtils isFocusable 링크 요소는 포커스 가능해야 한다","status":"passed","title":"링크 요소는 포커스 가능해야 한다","duration":0.09070900000000393,"failureMessages":[],"meta":{}},{"ancestorTitles":["ariaUtils","isFocusable"],"fullName":"ariaUtils isFocusable 입력 요소는 포커스 가능해야 한다","status":"passed","title":"입력 요소는 포커스 가능해야 한다","duration":0.08774999999997135,"failureMessages":[],"meta":{}},{"ancestorTitles":["ariaUtils","isFocusable"],"fullName":"ariaUtils isFocusable 일반 div는 포커스 불가능해야 한다","status":"passed","title":"일반 div는 포커스 불가능해야 한다","duration":0.08770800000002055,"failureMessages":[],"meta":{}},{"ancestorTitles":["ariaUtils","isFocusable"],"fullName":"ariaUtils isFocusable 빈 tabindex 속성을 처리해야 한다","status":"passed","title":"빈 tabindex 속성을 처리해야 한다","duration":0.09874999999999545,"failureMessages":[],"meta":{}},{"ancestorTitles":["ariaUtils","isFocusable"],"fullName":"ariaUtils isFocusable 유효하지 않은 tabindex를 처리해야 한다","status":"passed","title":"유효하지 않은 tabindex를 처리해야 한다","duration":0.10262499999998909,"failureMessages":[],"meta":{}},{"ancestorTitles":["ariaUtils","isHighContrastMode"],"fullName":"ariaUtils isHighContrastMode 고대비 모드가 활성화된 경우 true를 반환해야 한다","status":"passed","title":"고대비 모드가 활성화된 경우 true를 반환해야 한다","duration":0.4947920000000181,"failureMessages":[],"meta":{}},{"ancestorTitles":["ariaUtils","isHighContrastMode"],"fullName":"ariaUtils isHighContrastMode 고대비 모드가 비활성화된 경우 false를 반환해야 한다","status":"passed","title":"고대비 모드가 비활성화된 경우 false를 반환해야 한다","duration":0.07012500000001864,"failureMessages":[],"meta":{}},{"ancestorTitles":["ariaUtils","isHighContrastMode"],"fullName":"ariaUtils isHighContrastMode window가 없는 환경에서 false를 반환해야 한다","status":"passed","title":"window가 없는 환경에서 false를 반환해야 한다","duration":0.06241699999998218,"failureMessages":[],"meta":{}},{"ancestorTitles":["ariaUtils","isPrefersReducedMotion"],"fullName":"ariaUtils isPrefersReducedMotion 모션 감소 모드가 활성화된 경우 true를 반환해야 한다","status":"passed","title":"모션 감소 모드가 활성화된 경우 true를 반환해야 한다","duration":0.12645799999995688,"failureMessages":[],"meta":{}},{"ancestorTitles":["ariaUtils","isPrefersReducedMotion"],"fullName":"ariaUtils isPrefersReducedMotion 모션 감소 모드가 비활성화된 경우 false를 반환해야 한다","status":"passed","title":"모션 감소 모드가 비활성화된 경우 false를 반환해야 한다","duration":0.05962500000003956,"failureMessages":[],"meta":{}},{"ancestorTitles":["ariaUtils","isPrefersReducedMotion"],"fullName":"ariaUtils isPrefersReducedMotion window가 없는 환경에서 false를 반환해야 한다","status":"passed","title":"window가 없는 환경에서 false를 반환해야 한다","duration":0.05566699999997127,"failureMessages":[],"meta":{}},{"ancestorTitles":["ariaUtils","isScreenReaderActive"],"fullName":"ariaUtils isScreenReaderActive body에 aria-hidden이 true인 경우 true를 반환해야 한다","status":"passed","title":"body에 aria-hidden이 true인 경우 true를 반환해야 한다","duration":0.09370799999999235,"failureMessages":[],"meta":{}},{"ancestorTitles":["ariaUtils","isScreenReaderActive"],"fullName":"ariaUtils isScreenReaderActive documentElement에 data-sr-active가 있는 경우 true를 반환해야 한다","status":"passed","title":"documentElement에 data-sr-active가 있는 경우 true를 반환해야 한다","duration":0.10495800000001054,"failureMessages":[],"meta":{}},{"ancestorTitles":["ariaUtils","isScreenReaderActive"],"fullName":"ariaUtils isScreenReaderActive Mac에서 터치 기능이 있는 경우 true를 반환해야 한다","status":"passed","title":"Mac에서 터치 기능이 있는 경우 true를 반환해야 한다","duration":0.07062500000000682,"failureMessages":[],"meta":{}},{"ancestorTitles":["ariaUtils","isScreenReaderActive"],"fullName":"ariaUtils isScreenReaderActive 스크린 리더가 감지되지 않으면 false를 반환해야 한다","status":"passed","title":"스크린 리더가 감지되지 않으면 false를 반환해야 한다","duration":0.05654099999998152,"failureMessages":[],"meta":{}},{"ancestorTitles":["ariaUtils","isScreenReaderActive"],"fullName":"ariaUtils isScreenReaderActive window가 없는 환경에서 false를 반환해야 한다","status":"passed","title":"window가 없는 환경에서 false를 반환해야 한다","duration":0.05370799999997189,"failureMessages":[],"meta":{}},{"ancestorTitles":["ariaUtils","CALLSTACK_LIBRARY_ARIA_LABELS"],"fullName":"ariaUtils CALLSTACK_LIBRARY_ARIA_LABELS 게임 관련 라벨이 정의되어야 한다","status":"passed","title":"게임 관련 라벨이 정의되어야 한다","duration":0.13049999999998363,"failureMessages":[],"meta":{}},{"ancestorTitles":["ariaUtils","CALLSTACK_LIBRARY_ARIA_LABELS"],"fullName":"ariaUtils CALLSTACK_LIBRARY_ARIA_LABELS 레이아웃 관련 라벨이 정의되어야 한다","status":"passed","title":"레이아웃 관련 라벨이 정의되어야 한다","duration":0.09520800000001373,"failureMessages":[],"meta":{}},{"ancestorTitles":["ariaUtils","CALLSTACK_LIBRARY_ARIA_LABELS"],"fullName":"ariaUtils CALLSTACK_LIBRARY_ARIA_LABELS 콜스택 관련 라벨이 정의되어야 한다","status":"passed","title":"콜스택 관련 라벨이 정의되어야 한다","duration":0.12995899999998528,"failureMessages":[],"meta":{}},{"ancestorTitles":["ariaUtils","CALLSTACK_LIBRARY_ARIA_LABELS"],"fullName":"ariaUtils CALLSTACK_LIBRARY_ARIA_LABELS 마이크로태스크 관련 라벨이 정의되어야 한다","status":"passed","title":"마이크로태스크 관련 라벨이 정의되어야 한다","duration":0.10516599999999698,"failureMessages":[],"meta":{}},{"ancestorTitles":["ariaUtils","CALLSTACK_LIBRARY_ARIA_LABELS"],"fullName":"ariaUtils CALLSTACK_LIBRARY_ARIA_LABELS 매크로태스크 관련 라벨이 정의되어야 한다","status":"passed","title":"매크로태스크 관련 라벨이 정의되어야 한다","duration":0.13366700000000264,"failureMessages":[],"meta":{}},{"ancestorTitles":["ariaUtils","CALLSTACK_LIBRARY_ARIA_LABELS"],"fullName":"ariaUtils CALLSTACK_LIBRARY_ARIA_LABELS 컨트롤 관련 라벨이 정의되어야 한다","status":"passed","title":"컨트롤 관련 라벨이 정의되어야 한다","duration":0.1575419999999781,"failureMessages":[],"meta":{}},{"ancestorTitles":["ariaUtils","CALLSTACK_LIBRARY_ARIA_LABELS"],"fullName":"ariaUtils CALLSTACK_LIBRARY_ARIA_LABELS 상태 메시지 라벨이 정의되어야 한다","status":"passed","title":"상태 메시지 라벨이 정의되어야 한다","duration":0.13333299999999326,"failureMessages":[],"meta":{}},{"ancestorTitles":["ariaUtils","CALLSTACK_LIBRARY_ARIA_LABELS"],"fullName":"ariaUtils CALLSTACK_LIBRARY_ARIA_LABELS 검증 결과 라벨이 정의되어야 한다","status":"passed","title":"검증 결과 라벨이 정의되어야 한다","duration":0.09208300000000236,"failureMessages":[],"meta":{}},{"ancestorTitles":["ariaUtils","CALLSTACK_LIBRARY_ARIA_LABELS"],"fullName":"ariaUtils CALLSTACK_LIBRARY_ARIA_LABELS 네비게이션 라벨이 정의되어야 한다","status":"passed","title":"네비게이션 라벨이 정의되어야 한다","duration":0.08695799999998144,"failureMessages":[],"meta":{}},{"ancestorTitles":["ariaUtils","스타일 상수"],"fullName":"ariaUtils 스타일 상수 SR_ONLY_CLASS가 정의되어야 한다","status":"passed","title":"SR_ONLY_CLASS가 정의되어야 한다","duration":0.055375000000026375,"failureMessages":[],"meta":{}},{"ancestorTitles":["ariaUtils","스타일 상수"],"fullName":"ariaUtils 스타일 상수 srOnlyStyles가 올바르게 정의되어야 한다","status":"passed","title":"srOnlyStyles가 올바르게 정의되어야 한다","duration":0.07358299999998508,"failureMessages":[],"meta":{}},{"ancestorTitles":["ariaUtils","스타일 상수"],"fullName":"ariaUtils 스타일 상수 focusRingStyles가 올바르게 정의되어야 한다","status":"passed","title":"focusRingStyles가 올바르게 정의되어야 한다","duration":0.13945799999999053,"failureMessages":[],"meta":{}},{"ancestorTitles":["ariaUtils","엣지 케이스"],"fullName":"ariaUtils 엣지 케이스 빈 문자열 라벨을 처리해야 한다","status":"passed","title":"빈 문자열 라벨을 처리해야 한다","duration":0.09154200000000401,"failureMessages":[],"meta":{}},{"ancestorTitles":["ariaUtils","엣지 케이스"],"fullName":"ariaUtils 엣지 케이스 특수 문자가 포함된 라벨을 처리해야 한다","status":"passed","title":"특수 문자가 포함된 라벨을 처리해야 한다","duration":0.07058399999999665,"failureMessages":[],"meta":{}},{"ancestorTitles":["ariaUtils","엣지 케이스"],"fullName":"ariaUtils 엣지 케이스 매우 긴 라벨을 처리해야 한다","status":"passed","title":"매우 긴 라벨을 처리해야 한다","duration":0.0631249999999568,"failureMessages":[],"meta":{}},{"ancestorTitles":["ariaUtils","엣지 케이스"],"fullName":"ariaUtils 엣지 케이스 null/undefined 값들을 안전하게 처리해야 한다","status":"passed","title":"null/undefined 값들을 안전하게 처리해야 한다","duration":0.3591669999999567,"failureMessages":[],"meta":{}},{"ancestorTitles":["ariaUtils","엣지 케이스"],"fullName":"ariaUtils 엣지 케이스 0 값을 올바르게 처리해야 한다","status":"passed","title":"0 값을 올바르게 처리해야 한다","duration":0.08100000000001728,"failureMessages":[],"meta":{}},{"ancestorTitles":["ariaUtils","엣지 케이스"],"fullName":"ariaUtils 엣지 케이스 음수 값을 처리해야 한다","status":"passed","title":"음수 값을 처리해야 한다","duration":0.05841699999996308,"failureMessages":[],"meta":{}}],"startTime":1751792898758,"endTime":1751792898766.081,"status":"passed","message":"","name":"/Users/mzc01-swlee/dev/repository/github/claude-code/js-game-project/penguinjs/apps/playground/src/games/callstack-library/utils/__tests__/ariaUtils.test.ts"},{"assertionResults":[{"ancestorTitles":["executionSimulator","getFunctionColor"],"fullName":"executionSimulator getFunctionColor 정적 매핑된 함수의 색상을 반환해야 한다","status":"passed","title":"정적 매핑된 함수의 색상을 반환해야 한다","duration":0.7682080000000155,"failureMessages":[],"meta":{}},{"ancestorTitles":["executionSimulator","getFunctionColor"],"fullName":"executionSimulator getFunctionColor factorial(n) 형태의 함수 색상을 반환해야 한다","status":"passed","title":"factorial(n) 형태의 함수 색상을 반환해야 한다","duration":0.18866700000000947,"failureMessages":[],"meta":{}},{"ancestorTitles":["executionSimulator","getFunctionColor"],"fullName":"executionSimulator getFunctionColor factorial() 패턴이지만 숫자가 없는 경우를 처리해야 한다","status":"passed","title":"factorial() 패턴이지만 숫자가 없는 경우를 처리해야 한다","duration":0.06283300000001191,"failureMessages":[],"meta":{}},{"ancestorTitles":["executionSimulator","getFunctionColor"],"fullName":"executionSimulator getFunctionColor factorial(abc) 같은 잘못된 형식을 처리해야 한다","status":"passed","title":"factorial(abc) 같은 잘못된 형식을 처리해야 한다","duration":0.094791999999984,"failureMessages":[],"meta":{}},{"ancestorTitles":["executionSimulator","getFunctionColor"],"fullName":"executionSimulator getFunctionColor 매핑되지 않은 함수는 해시 기반 색상을 반환해야 한다","status":"passed","title":"매핑되지 않은 함수는 해시 기반 색상을 반환해야 한다","duration":0.08670799999998735,"failureMessages":[],"meta":{}},{"ancestorTitles":["executionSimulator","simulateExecution"],"fullName":"executionSimulator simulateExecution simulationSteps가 없으면 빈 배열을 반환해야 한다","status":"passed","title":"simulationSteps가 없으면 빈 배열을 반환해야 한다","duration":0.37437499999998636,"failureMessages":[],"meta":{}},{"ancestorTitles":["executionSimulator","simulateExecution"],"fullName":"executionSimulator simulateExecution executionSteps가 없으면 빈 배열을 반환해야 한다","status":"passed","title":"executionSteps가 없으면 빈 배열을 반환해야 한다","duration":0.08370800000000145,"failureMessages":[],"meta":{}},{"ancestorTitles":["executionSimulator","simulateExecution"],"fullName":"executionSimulator simulateExecution 기본 시뮬레이션을 수행해야 한다","status":"passed","title":"기본 시뮬레이션을 수행해야 한다","duration":0.7735000000000127,"failureMessages":[],"meta":{}},{"ancestorTitles":["executionSimulator","simulateExecution"],"fullName":"executionSimulator simulateExecution console.log는 스택에 지속되지 않아야 한다","status":"passed","title":"console.log는 스택에 지속되지 않아야 한다","duration":0.176166999999964,"failureMessages":[],"meta":{}},{"ancestorTitles":["executionSimulator","simulateExecution"],"fullName":"executionSimulator simulateExecution 중첩된 함수 호출을 올바르게 시뮬레이션해야 한다","status":"passed","title":"중첩된 함수 호출을 올바르게 시뮬레이션해야 한다","duration":0.21249999999997726,"failureMessages":[],"meta":{}},{"ancestorTitles":["executionSimulator","simulateExecution","매핑 전략"],"fullName":"executionSimulator simulateExecution 매핑 전략 strict 전략을 사용할 수 있어야 한다","status":"passed","title":"strict 전략을 사용할 수 있어야 한다","duration":0.10787500000003547,"failureMessages":[],"meta":{}},{"ancestorTitles":["executionSimulator","simulateExecution","매핑 전략"],"fullName":"executionSimulator simulateExecution 매핑 전략 custom 매퍼를 사용할 수 있어야 한다","status":"passed","title":"custom 매퍼를 사용할 수 있어야 한다","duration":0.13708400000001575,"failureMessages":[],"meta":{}},{"ancestorTitles":["executionSimulator","simulateExecution","매핑 전략"],"fullName":"executionSimulator simulateExecution 매핑 전략 stackItemFactory를 사용하여 스택 아이템을 커스터마이징할 수 있어야 한다","status":"passed","title":"stackItemFactory를 사용하여 스택 아이템을 커스터마이징할 수 있어야 한다","duration":0.116958000000011,"failureMessages":[],"meta":{}},{"ancestorTitles":["executionSimulator","simulateExecution"],"fullName":"executionSimulator simulateExecution main을 <global>로 변환해야 한다","status":"passed","title":"main을 <global>로 변환해야 한다","duration":0.061542000000031294,"failureMessages":[],"meta":{}},{"ancestorTitles":["executionSimulator","simulateExecution"],"fullName":"executionSimulator simulateExecution factorial 함수의 return을 올바르게 처리해야 한다","status":"passed","title":"factorial 함수의 return을 올바르게 처리해야 한다","duration":0.21241699999995944,"failureMessages":[],"meta":{}},{"ancestorTitles":["executionSimulator","interpolateFromSnapshots"],"fullName":"executionSimulator interpolateFromSnapshots 스냅샷을 기반으로 스택 상태를 생성해야 한다","status":"passed","title":"스냅샷을 기반으로 스택 상태를 생성해야 한다","duration":0.3137079999999628,"failureMessages":[],"meta":{}},{"ancestorTitles":["executionSimulator","interpolateFromSnapshots"],"fullName":"executionSimulator interpolateFromSnapshots 스냅샷이 없는 단계는 보간해야 한다","status":"passed","title":"스냅샷이 없는 단계는 보간해야 한다","duration":0.11754099999996015,"failureMessages":[],"meta":{}},{"ancestorTitles":["executionSimulator","interpolateFromSnapshots"],"fullName":"executionSimulator interpolateFromSnapshots 스냅샷의 누락된 속성을 채워야 한다","status":"passed","title":"스냅샷의 누락된 속성을 채워야 한다","duration":0.07729199999999992,"failureMessages":[],"meta":{}},{"ancestorTitles":["executionSimulator","interpolateFromSnapshots"],"fullName":"executionSimulator interpolateFromSnapshots executionSteps가 없으면 빈 배열을 반환해야 한다","status":"passed","title":"executionSteps가 없으면 빈 배열을 반환해야 한다","duration":0.06254100000001017,"failureMessages":[],"meta":{}},{"ancestorTitles":["executionSimulator","interpolateFromSnapshots"],"fullName":"executionSimulator interpolateFromSnapshots 이전 스냅샷이 없는 경우를 처리해야 한다","status":"passed","title":"이전 스냅샷이 없는 경우를 처리해야 한다","duration":0.08554199999997536,"failureMessages":[],"meta":{}},{"ancestorTitles":["executionSimulator","interpolateFromSnapshots"],"fullName":"executionSimulator interpolateFromSnapshots 다음 스냅샷이 없는 경우를 처리해야 한다","status":"passed","title":"다음 스냅샷이 없는 경우를 처리해야 한다","duration":0.08987500000000637,"failureMessages":[],"meta":{}},{"ancestorTitles":["executionSimulator","interpolateFromSnapshots"],"fullName":"executionSimulator interpolateFromSnapshots 함수 종료 시 다음 스냅샷으로 전환해야 한다","status":"passed","title":"함수 종료 시 다음 스냅샷으로 전환해야 한다","duration":0.1269580000000019,"failureMessages":[],"meta":{}},{"ancestorTitles":["executionSimulator","console.log 처리 엣지 케이스"],"fullName":"executionSimulator console.log 처리 엣지 케이스 console.log가 없는 시뮬레이션 단계를 처리해야 한다","status":"passed","title":"console.log가 없는 시뮬레이션 단계를 처리해야 한다","duration":0.0917919999999981,"failureMessages":[],"meta":{}},{"ancestorTitles":["executionSimulator","엣지 케이스 - 헬퍼 함수 fallback"],"fullName":"executionSimulator 엣지 케이스 - 헬퍼 함수 fallback findNextReturnIndex가 return을 찾지 못하면 startIndex를 반환해야 한다","status":"passed","title":"findNextReturnIndex가 return을 찾지 못하면 startIndex를 반환해야 한다","duration":0.12716699999998582,"failureMessages":[],"meta":{}},{"ancestorTitles":["executionSimulator","엣지 케이스 - 헬퍼 함수 fallback"],"fullName":"executionSimulator 엣지 케이스 - 헬퍼 함수 fallback console.log가 많이 있어도 targetCount를 넘어서면 fallback 처리되어야 한다","status":"passed","title":"console.log가 많이 있어도 targetCount를 넘어서면 fallback 처리되어야 한다","duration":0.10129100000000335,"failureMessages":[],"meta":{}},{"ancestorTitles":["executionSimulator","엣지 케이스 - 헬퍼 함수 fallback"],"fullName":"executionSimulator 엣지 케이스 - 헬퍼 함수 fallback 빈 문자열인 simulationStep을 처리해야 한다","status":"passed","title":"빈 문자열인 simulationStep을 처리해야 한다","duration":0.13545799999997143,"failureMessages":[],"meta":{}},{"ancestorTitles":["executionSimulator","엣지 케이스 - createMappingTable"],"fullName":"executionSimulator 엣지 케이스 - createMappingTable executionSteps나 simulationSteps가 없으면 빈 배열을 반환해야 한다","status":"passed","title":"executionSteps나 simulationSteps가 없으면 빈 배열을 반환해야 한다","duration":0.09020799999996143,"failureMessages":[],"meta":{}},{"ancestorTitles":["executionSimulator","엣지 케이스 - createMappingTable"],"fullName":"executionSimulator 엣지 케이스 - createMappingTable flexible 매핑에서 simulationSteps가 null인 경우를 처리해야 한다","status":"passed","title":"flexible 매핑에서 simulationSteps가 null인 경우를 처리해야 한다","duration":0.05062500000002501,"failureMessages":[],"meta":{}},{"ancestorTitles":["executionSimulator","엣지 케이스 - createMappingTable"],"fullName":"executionSimulator 엣지 케이스 - createMappingTable custom 매핑에서 executionSteps가 null인 경우를 처리해야 한다","status":"passed","title":"custom 매핑에서 executionSteps가 null인 경우를 처리해야 한다","duration":0.1193749999999909,"failureMessages":[],"meta":{}},{"ancestorTitles":["executionSimulator","엣지 케이스 - interpolateFromSnapshots"],"fullName":"executionSimulator 엣지 케이스 - interpolateFromSnapshots expectedSnapshots가 없으면 빈 객체로 처리해야 한다","status":"passed","title":"expectedSnapshots가 없으면 빈 객체로 처리해야 한다","duration":0.10445900000001984,"failureMessages":[],"meta":{}}],"startTime":1751792898754,"endTime":1751792898759.1355,"status":"passed","message":"","name":"/Users/mzc01-swlee/dev/repository/github/claude-code/js-game-project/penguinjs/apps/playground/src/games/callstack-library/utils/__tests__/executionSimulator.test.ts"},{"assertionResults":[{"ancestorTitles":["layoutClassifier","LAYOUT_CONFIGS"],"fullName":"layoutClassifier LAYOUT_CONFIGS 모든 레이아웃 타입이 정의되어야 한다","status":"passed","title":"모든 레이아웃 타입이 정의되어야 한다","duration":0.8476250000000505,"failureMessages":[],"meta":{}},{"ancestorTitles":["layoutClassifier","LAYOUT_CONFIGS"],"fullName":"layoutClassifier LAYOUT_CONFIGS 각 레이아웃 설정이 올바른 구조를 가져야 한다","status":"passed","title":"각 레이아웃 설정이 올바른 구조를 가져야 한다","duration":0.8777499999999918,"failureMessages":[],"meta":{}},{"ancestorTitles":["layoutClassifier","LAYOUT_CONFIGS"],"fullName":"layoutClassifier LAYOUT_CONFIGS 타입 A 설정이 올바르게 정의되어야 한다","status":"passed","title":"타입 A 설정이 올바르게 정의되어야 한다","duration":0.46537499999999454,"failureMessages":[],"meta":{}},{"ancestorTitles":["layoutClassifier","LAYOUT_CONFIGS"],"fullName":"layoutClassifier LAYOUT_CONFIGS 타입 A+ 설정이 올바르게 정의되어야 한다","status":"passed","title":"타입 A+ 설정이 올바르게 정의되어야 한다","duration":0.14262500000000955,"failureMessages":[],"meta":{}},{"ancestorTitles":["layoutClassifier","LAYOUT_CONFIGS"],"fullName":"layoutClassifier LAYOUT_CONFIGS 타입 B 설정이 올바르게 정의되어야 한다","status":"passed","title":"타입 B 설정이 올바르게 정의되어야 한다","duration":0.13845800000001418,"failureMessages":[],"meta":{}},{"ancestorTitles":["layoutClassifier","LAYOUT_CONFIGS"],"fullName":"layoutClassifier LAYOUT_CONFIGS 타입 C 설정이 올바르게 정의되어야 한다","status":"passed","title":"타입 C 설정이 올바르게 정의되어야 한다","duration":0.08716699999996536,"failureMessages":[],"meta":{}},{"ancestorTitles":["layoutClassifier","LAYOUT_CONFIGS"],"fullName":"layoutClassifier LAYOUT_CONFIGS 타입 D 설정이 올바르게 정의되어야 한다","status":"passed","title":"타입 D 설정이 올바르게 정의되어야 한다","duration":0.1558329999999728,"failureMessages":[],"meta":{}},{"ancestorTitles":["layoutClassifier","LAYOUT_CONFIGS"],"fullName":"layoutClassifier LAYOUT_CONFIGS 타입 E 설정이 올바르게 정의되어야 한다","status":"passed","title":"타입 E 설정이 올바르게 정의되어야 한다","duration":0.10404099999999517,"failureMessages":[],"meta":{}},{"ancestorTitles":["layoutClassifier","getLayoutType"],"fullName":"layoutClassifier getLayoutType 초급 1-8 스테이지는 타입 A를 반환해야 한다","status":"passed","title":"초급 1-8 스테이지는 타입 A를 반환해야 한다","duration":0.12874999999996817,"failureMessages":[],"meta":{}},{"ancestorTitles":["layoutClassifier","getLayoutType"],"fullName":"layoutClassifier getLayoutType 중급 9-16 스테이지는 타입 A+를 반환해야 한다","status":"passed","title":"중급 9-16 스테이지는 타입 A+를 반환해야 한다","duration":0.11729199999996354,"failureMessages":[],"meta":{}},{"ancestorTitles":["layoutClassifier","getLayoutType"],"fullName":"layoutClassifier getLayoutType 고급 17-20 스테이지는 타입 E를 반환해야 한다","status":"passed","title":"고급 17-20 스테이지는 타입 E를 반환해야 한다","duration":0.06429100000002563,"failureMessages":[],"meta":{}},{"ancestorTitles":["layoutClassifier","getLayoutType"],"fullName":"layoutClassifier getLayoutType 고급 21-22 스테이지는 타입 B를 반환해야 한다","status":"passed","title":"고급 21-22 스테이지는 타입 B를 반환해야 한다","duration":0.04683299999999235,"failureMessages":[],"meta":{}},{"ancestorTitles":["layoutClassifier","getLayoutType"],"fullName":"layoutClassifier getLayoutType 고급 23 스테이지는 타입 C를 반환해야 한다","status":"passed","title":"고급 23 스테이지는 타입 C를 반환해야 한다","duration":0.034583999999995285,"failureMessages":[],"meta":{}},{"ancestorTitles":["layoutClassifier","getLayoutType"],"fullName":"layoutClassifier getLayoutType 고급 24 스테이지는 타입 D를 반환해야 한다","status":"passed","title":"고급 24 스테이지는 타입 D를 반환해야 한다","duration":0.03433300000000372,"failureMessages":[],"meta":{}},{"ancestorTitles":["layoutClassifier","getLayoutType"],"fullName":"layoutClassifier getLayoutType 범위를 벗어난 스테이지는 기본값 A를 반환해야 한다","status":"passed","title":"범위를 벗어난 스테이지는 기본값 A를 반환해야 한다","duration":0.09412500000001955,"failureMessages":[],"meta":{}},{"ancestorTitles":["layoutClassifier","getLayoutType"],"fullName":"layoutClassifier getLayoutType 잘못된 난이도에 대해 기본값 A를 반환해야 한다","status":"passed","title":"잘못된 난이도에 대해 기본값 A를 반환해야 한다","duration":0.03512500000005048,"failureMessages":[],"meta":{}},{"ancestorTitles":["layoutClassifier","getLayoutConfig"],"fullName":"layoutClassifier getLayoutConfig 유효한 레이아웃 타입의 설정을 반환해야 한다","status":"passed","title":"유효한 레이아웃 타입의 설정을 반환해야 한다","duration":0.1584160000000452,"failureMessages":[],"meta":{}},{"ancestorTitles":["layoutClassifier","getLayoutConfig"],"fullName":"layoutClassifier getLayoutConfig 반환된 설정이 원본과 동일한 참조여야 한다","status":"passed","title":"반환된 설정이 원본과 동일한 참조여야 한다","duration":0.0352919999999699,"failureMessages":[],"meta":{}},{"ancestorTitles":["layoutClassifier","getRequiredQueues"],"fullName":"layoutClassifier getRequiredQueues 타입 A는 기본 callstack만 반환해야 한다","status":"passed","title":"타입 A는 기본 callstack만 반환해야 한다","duration":0.05400000000003047,"failureMessages":[],"meta":{}},{"ancestorTitles":["layoutClassifier","getRequiredQueues"],"fullName":"layoutClassifier getRequiredQueues 타입 A+도 기본 callstack만 반환해야 한다","status":"passed","title":"타입 A+도 기본 callstack만 반환해야 한다","duration":0.03891599999997197,"failureMessages":[],"meta":{}},{"ancestorTitles":["layoutClassifier","getRequiredQueues"],"fullName":"layoutClassifier getRequiredQueues 타입 B는 3개 큐를 반환해야 한다","status":"passed","title":"타입 B는 3개 큐를 반환해야 한다","duration":0.05479200000002038,"failureMessages":[],"meta":{}},{"ancestorTitles":["layoutClassifier","getRequiredQueues"],"fullName":"layoutClassifier getRequiredQueues 타입 C는 5개 큐를 반환해야 한다","status":"passed","title":"타입 C는 5개 큐를 반환해야 한다","duration":0.04349999999999454,"failureMessages":[],"meta":{}},{"ancestorTitles":["layoutClassifier","getRequiredQueues"],"fullName":"layoutClassifier getRequiredQueues 타입 D는 6개 큐를 반환해야 한다","status":"passed","title":"타입 D는 6개 큐를 반환해야 한다","duration":0.04058300000002646,"failureMessages":[],"meta":{}},{"ancestorTitles":["layoutClassifier","getRequiredQueues"],"fullName":"layoutClassifier getRequiredQueues 타입 E는 기본 callstack만 반환해야 한다","status":"passed","title":"타입 E는 기본 callstack만 반환해야 한다","duration":0.03654099999999971,"failureMessages":[],"meta":{}},{"ancestorTitles":["layoutClassifier","getStageQueues"],"fullName":"layoutClassifier getStageQueues 초급 스테이지는 callstack만 반환해야 한다","status":"passed","title":"초급 스테이지는 callstack만 반환해야 한다","duration":0.05037499999997408,"failureMessages":[],"meta":{}},{"ancestorTitles":["layoutClassifier","getStageQueues"],"fullName":"layoutClassifier getStageQueues 중급 스테이지는 callstack만 반환해야 한다","status":"passed","title":"중급 스테이지는 callstack만 반환해야 한다","duration":0.037249999999971806,"failureMessages":[],"meta":{}},{"ancestorTitles":["layoutClassifier","getStageQueues"],"fullName":"layoutClassifier getStageQueues 고급 21번 스테이지는 3개 큐를 반환해야 한다","status":"passed","title":"고급 21번 스테이지는 3개 큐를 반환해야 한다","duration":0.04270800000000463,"failureMessages":[],"meta":{}},{"ancestorTitles":["layoutClassifier","getStageQueues"],"fullName":"layoutClassifier getStageQueues 고급 23번 스테이지는 5개 큐를 반환해야 한다","status":"passed","title":"고급 23번 스테이지는 5개 큐를 반환해야 한다","duration":0.040124999999989086,"failureMessages":[],"meta":{}},{"ancestorTitles":["layoutClassifier","getStageQueues"],"fullName":"layoutClassifier getStageQueues 고급 24번 스테이지는 6개 큐를 반환해야 한다","status":"passed","title":"고급 24번 스테이지는 6개 큐를 반환해야 한다","duration":0.10391600000002654,"failureMessages":[],"meta":{}},{"ancestorTitles":["layoutClassifier","getLayoutDescription"],"fullName":"layoutClassifier getLayoutDescription 각 레이아웃 타입의 설명을 반환해야 한다","status":"passed","title":"각 레이아웃 타입의 설명을 반환해야 한다","duration":0.08995799999996734,"failureMessages":[],"meta":{}},{"ancestorTitles":["layoutClassifier","getAllLayoutInfo"],"fullName":"layoutClassifier getAllLayoutInfo 모든 레이아웃 설정을 배열로 반환해야 한다","status":"passed","title":"모든 레이아웃 설정을 배열로 반환해야 한다","duration":0.6212079999999673,"failureMessages":[],"meta":{}},{"ancestorTitles":["layoutClassifier","getAllLayoutInfo"],"fullName":"layoutClassifier getAllLayoutInfo 반환된 배열의 각 항목이 올바른 구조여야 한다","status":"passed","title":"반환된 배열의 각 항목이 올바른 구조여야 한다","duration":0.25791699999996354,"failureMessages":[],"meta":{}},{"ancestorTitles":["layoutClassifier","getDifficultyLayoutTypes"],"fullName":"layoutClassifier getDifficultyLayoutTypes 초급 난이도는 8개의 A 타입을 반환해야 한다","status":"passed","title":"초급 난이도는 8개의 A 타입을 반환해야 한다","duration":0.09895899999997937,"failureMessages":[],"meta":{}},{"ancestorTitles":["layoutClassifier","getDifficultyLayoutTypes"],"fullName":"layoutClassifier getDifficultyLayoutTypes 중급 난이도는 8개의 A+ 타입을 반환해야 한다","status":"passed","title":"중급 난이도는 8개의 A+ 타입을 반환해야 한다","duration":0.06649999999996226,"failureMessages":[],"meta":{}},{"ancestorTitles":["layoutClassifier","getDifficultyLayoutTypes"],"fullName":"layoutClassifier getDifficultyLayoutTypes 고급 난이도는 8개의 다양한 타입을 반환해야 한다","status":"passed","title":"고급 난이도는 8개의 다양한 타입을 반환해야 한다","duration":0.07183400000002393,"failureMessages":[],"meta":{}},{"ancestorTitles":["layoutClassifier","getDifficultyLayoutTypes"],"fullName":"layoutClassifier getDifficultyLayoutTypes 잘못된 난이도는 빈 배열을 반환해야 한다","status":"passed","title":"잘못된 난이도는 빈 배열을 반환해야 한다","duration":0.036166000000037,"failureMessages":[],"meta":{}},{"ancestorTitles":["layoutClassifier","PlayMode 타입"],"fullName":"layoutClassifier PlayMode 타입 모든 레이아웃에서 유효한 PlayMode를 사용해야 한다","status":"passed","title":"모든 레이아웃에서 유효한 PlayMode를 사용해야 한다","duration":0.1209580000000301,"failureMessages":[],"meta":{}},{"ancestorTitles":["layoutClassifier","엣지 케이스"],"fullName":"layoutClassifier 엣지 케이스 극한 스테이지 번호를 처리해야 한다","status":"passed","title":"극한 스테이지 번호를 처리해야 한다","duration":0.052416999999991276,"failureMessages":[],"meta":{}},{"ancestorTitles":["layoutClassifier","엣지 케이스"],"fullName":"layoutClassifier 엣지 케이스 모든 난이도와 스테이지 조합을 테스트해야 한다","status":"passed","title":"모든 난이도와 스테이지 조합을 테스트해야 한다","duration":1.539666000000011,"failureMessages":[],"meta":{}},{"ancestorTitles":["layoutClassifier","엣지 케이스"],"fullName":"layoutClassifier 엣지 케이스 모든 레이아웃의 스테이지가 중복되지 않아야 한다","status":"passed","title":"모든 레이아웃의 스테이지가 중복되지 않아야 한다","duration":0.21870799999999235,"failureMessages":[],"meta":{}},{"ancestorTitles":["layoutClassifier","엣지 케이스"],"fullName":"layoutClassifier 엣지 케이스 각 레이아웃의 난이도와 스테이지가 일치해야 한다","status":"passed","title":"각 레이아웃의 난이도와 스테이지가 일치해야 한다","duration":0.2065420000000131,"failureMessages":[],"meta":{}}],"startTime":1751792898752,"endTime":1751792898760.2188,"status":"passed","message":"","name":"/Users/mzc01-swlee/dev/repository/github/claude-code/js-game-project/penguinjs/apps/playground/src/games/callstack-library/utils/__tests__/layoutClassifier.test.ts"},{"assertionResults":[{"ancestorTitles":["queueSimulator","EventLoopSimulator"],"fullName":"queueSimulator EventLoopSimulator 빈 레벨은 빈 스텝 배열을 반환해야 한다","status":"passed","title":"빈 레벨은 빈 스텝 배열을 반환해야 한다","duration":1.0518329999999878,"failureMessages":[],"meta":{}},{"ancestorTitles":["queueSimulator","EventLoopSimulator"],"fullName":"queueSimulator EventLoopSimulator simulationSteps가 없으면 빈 배열을 반환해야 한다","status":"passed","title":"simulationSteps가 없으면 빈 배열을 반환해야 한다","duration":0.15825000000000955,"failureMessages":[],"meta":{}},{"ancestorTitles":["queueSimulator","EventLoopSimulator"],"fullName":"queueSimulator EventLoopSimulator 기본 함수 호출을 시뮬레이션해야 한다","status":"passed","title":"기본 함수 호출을 시뮬레이션해야 한다","duration":0.9091249999999604,"failureMessages":[],"meta":{}},{"ancestorTitles":["queueSimulator","EventLoopSimulator"],"fullName":"queueSimulator EventLoopSimulator console.log를 설정에 따라 처리해야 한다","status":"passed","title":"console.log를 설정에 따라 처리해야 한다","duration":0.29775000000000773,"failureMessages":[],"meta":{}},{"ancestorTitles":["queueSimulator","EventLoopSimulator"],"fullName":"queueSimulator EventLoopSimulator 마이크로태스크를 올바르게 처리해야 한다","status":"passed","title":"마이크로태스크를 올바르게 처리해야 한다","duration":0.26441699999998036,"failureMessages":[],"meta":{}},{"ancestorTitles":["queueSimulator","EventLoopSimulator"],"fullName":"queueSimulator EventLoopSimulator 매크로태스크를 올바르게 처리해야 한다","status":"passed","title":"매크로태스크를 올바르게 처리해야 한다","duration":0.1987500000000182,"failureMessages":[],"meta":{}},{"ancestorTitles":["queueSimulator","EventLoopSimulator"],"fullName":"queueSimulator EventLoopSimulator main을 <global>로 변환해야 한다","status":"passed","title":"main을 <global>로 변환해야 한다","duration":0.08529199999998127,"failureMessages":[],"meta":{}},{"ancestorTitles":["queueSimulator","EventLoopSimulator"],"fullName":"queueSimulator EventLoopSimulator 타임스탬프가 증가해야 한다","status":"passed","title":"타임스탬프가 증가해야 한다","duration":0.08587500000004411,"failureMessages":[],"meta":{}},{"ancestorTitles":["queueSimulator","EventLoopSimulator"],"fullName":"queueSimulator EventLoopSimulator 실행된 아이템 정보를 포함해야 한다","status":"passed","title":"실행된 아이템 정보를 포함해야 한다","duration":0.22995800000001054,"failureMessages":[],"meta":{}},{"ancestorTitles":["queueSimulator","EventLoopSimulator"],"fullName":"queueSimulator EventLoopSimulator 실행 단계가 시뮬레이션 단계보다 많을 때도 처리해야 한다","status":"passed","title":"실행 단계가 시뮬레이션 단계보다 많을 때도 처리해야 한다","duration":0.08637499999997544,"failureMessages":[],"meta":{}},{"ancestorTitles":["queueSimulator","helper functions"],"fullName":"queueSimulator helper functions simulateEventLoop 함수가 올바르게 동작해야 한다","status":"passed","title":"simulateEventLoop 함수가 올바르게 동작해야 한다","duration":0.0983749999999759,"failureMessages":[],"meta":{}},{"ancestorTitles":["queueSimulator","helper functions"],"fullName":"queueSimulator helper functions createEmptyQueueSnapshot이 빈 스냅샷을 생성해야 한다","status":"passed","title":"createEmptyQueueSnapshot이 빈 스냅샷을 생성해야 한다","duration":0.636415999999997,"failureMessages":[],"meta":{}},{"ancestorTitles":["queueSimulator","helper functions"],"fullName":"queueSimulator helper functions createEmptyQueueSnapshot이 step을 설정할 수 있어야 한다","status":"passed","title":"createEmptyQueueSnapshot이 step을 설정할 수 있어야 한다","duration":0.5532499999999914,"failureMessages":[],"meta":{}},{"ancestorTitles":["queueSimulator","helper functions"],"fullName":"queueSimulator helper functions compareQueueSnapshots가 동일한 스냅샷을 비교해야 한다","status":"passed","title":"compareQueueSnapshots가 동일한 스냅샷을 비교해야 한다","duration":0.42670900000001666,"failureMessages":[],"meta":{}},{"ancestorTitles":["queueSimulator","helper functions"],"fullName":"queueSimulator helper functions compareQueueSnapshots가 다른 스냅샷을 구별해야 한다","status":"passed","title":"compareQueueSnapshots가 다른 스냅샷을 구별해야 한다","duration":0.39150000000000773,"failureMessages":[],"meta":{}},{"ancestorTitles":["queueSimulator","helper functions"],"fullName":"queueSimulator helper functions compareQueueSnapshots가 큐 순서를 고려해야 한다","status":"passed","title":"compareQueueSnapshots가 큐 순서를 고려해야 한다","duration":0.35325000000000273,"failureMessages":[],"meta":{}},{"ancestorTitles":["queueSimulator","edge cases"],"fullName":"queueSimulator edge cases 비동기 함수가 아닌 경우 일반 콜스택에 추가해야 한다","status":"passed","title":"비동기 함수가 아닌 경우 일반 콜스택에 추가해야 한다","duration":0.22741600000000517,"failureMessages":[],"meta":{}},{"ancestorTitles":["queueSimulator","edge cases"],"fullName":"queueSimulator edge cases 알 수 없는 비동기 함수 타입에 대해 에러를 던져야 한다 (라인 155)","status":"passed","title":"알 수 없는 비동기 함수 타입에 대해 에러를 던져야 한다 (라인 155)","duration":0.47674999999998136,"failureMessages":[],"meta":{}},{"ancestorTitles":["queueSimulator","edge cases"],"fullName":"queueSimulator edge cases 알 수 없는 비동기 함수를 처리해야 한다","status":"passed","title":"알 수 없는 비동기 함수를 처리해야 한다","duration":0.1917079999999487,"failureMessages":[],"meta":{}},{"ancestorTitles":["queueSimulator","edge cases"],"fullName":"queueSimulator edge cases 존재하지 않는 함수의 반환을 처리해야 한다 (라인 123 커버리지)","status":"passed","title":"존재하지 않는 함수의 반환을 처리해야 한다 (라인 123 커버리지)","duration":0.14504199999998946,"failureMessages":[],"meta":{}},{"ancestorTitles":["queueSimulator","edge cases"],"fullName":"queueSimulator edge cases 알 수 없는 비동기 함수 타입을 처리해야 한다 (라인 153 커버리지)","status":"passed","title":"알 수 없는 비동기 함수 타입을 처리해야 한다 (라인 153 커버리지)","duration":0.11991699999998673,"failureMessages":[],"meta":{}},{"ancestorTitles":["queueSimulator","edge cases"],"fullName":"queueSimulator edge cases 콜스택이 비어있을 때 함수 제거를 시도해야 한다 (라인 197 커버리지)","status":"passed","title":"콜스택이 비어있을 때 함수 제거를 시도해야 한다 (라인 197 커버리지)","duration":0.08970900000002757,"failureMessages":[],"meta":{}},{"ancestorTitles":["queueSimulator","edge cases"],"fullName":"queueSimulator edge cases 특별히 정의된 모든 비동기 함수 패턴을 체크해야 한다","status":"passed","title":"특별히 정의된 모든 비동기 함수 패턴을 체크해야 한다","duration":0.24683399999997846,"failureMessages":[],"meta":{}},{"ancestorTitles":["queueSimulator","edge cases"],"fullName":"queueSimulator edge cases 존재하지 않는 함수의 반환을 처리해야 한다","status":"passed","title":"존재하지 않는 함수의 반환을 처리해야 한다","duration":0.06845799999996416,"failureMessages":[],"meta":{}},{"ancestorTitles":["queueSimulator","edge cases"],"fullName":"queueSimulator edge cases 콜스택이 비어있을 때 함수 제거를 시도해야 한다","status":"passed","title":"콜스택이 비어있을 때 함수 제거를 시도해야 한다","duration":0.10479200000003175,"failureMessages":[],"meta":{}}],"startTime":1751792898756,"endTime":1751792898764.2468,"status":"passed","message":"","name":"/Users/mzc01-swlee/dev/repository/github/claude-code/js-game-project/penguinjs/apps/playground/src/games/callstack-library/utils/__tests__/queueSimulator.test.ts"},{"assertionResults":[{"ancestorTitles":["textUtils","createTextOverflowStyles"],"fullName":"textUtils createTextOverflowStyles 기본 설정으로 단일 라인 말줄임 스타일을 생성해야 한다","status":"passed","title":"기본 설정으로 단일 라인 말줄임 스타일을 생성해야 한다","duration":0.7511250000000018,"failureMessages":[],"meta":{}},{"ancestorTitles":["textUtils","createTextOverflowStyles"],"fullName":"textUtils createTextOverflowStyles 커스텀 설정을 적용해야 한다","status":"passed","title":"커스텀 설정을 적용해야 한다","duration":0.12233299999996916,"failureMessages":[],"meta":{}},{"ancestorTitles":["textUtils","createTextOverflowStyles"],"fullName":"textUtils createTextOverflowStyles 다중 라인 말줄임 스타일을 생성해야 한다","status":"passed","title":"다중 라인 말줄임 스타일을 생성해야 한다","duration":0.17862500000001091,"failureMessages":[],"meta":{}},{"ancestorTitles":["textUtils","createTextOverflowStyles"],"fullName":"textUtils createTextOverflowStyles maxLines가 1일 때는 단일 라인 스타일을 사용해야 한다","status":"passed","title":"maxLines가 1일 때는 단일 라인 스타일을 사용해야 한다","duration":0.09491700000000947,"failureMessages":[],"meta":{}},{"ancestorTitles":["textUtils","createTextOverflowStyles"],"fullName":"textUtils createTextOverflowStyles breakWord 설정을 올바르게 적용해야 한다","status":"passed","title":"breakWord 설정을 올바르게 적용해야 한다","duration":0.0680409999999938,"failureMessages":[],"meta":{}},{"ancestorTitles":["textUtils","getResponsiveFontSize"],"fullName":"textUtils getResponsiveFontSize clamp CSS 함수를 올바르게 생성해야 한다","status":"passed","title":"clamp CSS 함수를 올바르게 생성해야 한다","duration":0.06274999999999409,"failureMessages":[],"meta":{}},{"ancestorTitles":["textUtils","getResponsiveFontSize"],"fullName":"textUtils getResponsiveFontSize 다른 단위를 사용할 수 있어야 한다","status":"passed","title":"다른 단위를 사용할 수 있어야 한다","duration":0.06437500000004093,"failureMessages":[],"meta":{}},{"ancestorTitles":["textUtils","getResponsiveFontSize"],"fullName":"textUtils getResponsiveFontSize 기본 단위는 px여야 한다","status":"passed","title":"기본 단위는 px여야 한다","duration":0.09158299999995734,"failureMessages":[],"meta":{}},{"ancestorTitles":["textUtils","getResponsiveFontSize"],"fullName":"textUtils getResponsiveFontSize 소수점을 포함한 값을 처리해야 한다","status":"passed","title":"소수점을 포함한 값을 처리해야 한다","duration":0.05195900000001075,"failureMessages":[],"meta":{}},{"ancestorTitles":["textUtils","createTextOverflowStyles with breakWord"],"fullName":"textUtils createTextOverflowStyles with breakWord breakWord가 true일 때 word-break: break-word 스타일이 적용되어야 한다","status":"passed","title":"breakWord가 true일 때 word-break: break-word 스타일이 적용되어야 한다","duration":0.04974999999996044,"failureMessages":[],"meta":{}},{"ancestorTitles":["textUtils","createTextOverflowStyles with breakWord"],"fullName":"textUtils createTextOverflowStyles with breakWord breakWord가 false일 때 word-break: normal 스타일이 적용되어야 한다","status":"passed","title":"breakWord가 false일 때 word-break: normal 스타일이 적용되어야 한다","duration":0.04537500000003547,"failureMessages":[],"meta":{}},{"ancestorTitles":["textUtils","createTextOverflowStyles with breakWord"],"fullName":"textUtils createTextOverflowStyles with breakWord 기본값은 word-break: break-word이어야 한다","status":"passed","title":"기본값은 word-break: break-word이어야 한다","duration":0.0422500000000241,"failureMessages":[],"meta":{}},{"ancestorTitles":["textUtils","checkTextOverflow"],"fullName":"textUtils checkTextOverflow 오버플로우가 발생한 경우 true를 반환해야 한다","status":"passed","title":"오버플로우가 발생한 경우 true를 반환해야 한다","duration":0.0593340000000353,"failureMessages":[],"meta":{}},{"ancestorTitles":["textUtils","checkTextOverflow"],"fullName":"textUtils checkTextOverflow 세로 오버플로우가 발생한 경우 true를 반환해야 한다","status":"passed","title":"세로 오버플로우가 발생한 경우 true를 반환해야 한다","duration":0.041083000000014636,"failureMessages":[],"meta":{}},{"ancestorTitles":["textUtils","checkTextOverflow"],"fullName":"textUtils checkTextOverflow 오버플로우가 없는 경우 false를 반환해야 한다","status":"passed","title":"오버플로우가 없는 경우 false를 반환해야 한다","duration":0.04425000000003365,"failureMessages":[],"meta":{}},{"ancestorTitles":["textUtils","checkTextOverflow"],"fullName":"textUtils checkTextOverflow 정확히 맞는 경우 false를 반환해야 한다","status":"passed","title":"정확히 맞는 경우 false를 반환해야 한다","duration":0.03683300000000145,"failureMessages":[],"meta":{}},{"ancestorTitles":["textUtils","truncateFunctionName"],"fullName":"textUtils truncateFunctionName 짧은 함수명은 그대로 반환해야 한다","status":"passed","title":"짧은 함수명은 그대로 반환해야 한다","duration":0.09587499999997817,"failureMessages":[],"meta":{}},{"ancestorTitles":["textUtils","truncateFunctionName"],"fullName":"textUtils truncateFunctionName 특별한 함수명들을 단축해야 한다","status":"passed","title":"특별한 함수명들을 단축해야 한다","duration":0.11920800000001464,"failureMessages":[],"meta":{}},{"ancestorTitles":["textUtils","truncateFunctionName"],"fullName":"textUtils truncateFunctionName 기본 최대 길이는 20이어야 한다","status":"passed","title":"기본 최대 길이는 20이어야 한다","duration":0.10020800000000918,"failureMessages":[],"meta":{}},{"ancestorTitles":["textUtils","truncateFunctionName"],"fullName":"textUtils truncateFunctionName 커스텀 최대 길이를 사용해야 한다","status":"passed","title":"커스텀 최대 길이를 사용해야 한다","duration":0.054957999999999174,"failureMessages":[],"meta":{}},{"ancestorTitles":["textUtils","truncateFunctionName"],"fullName":"textUtils truncateFunctionName 최대 길이가 10 이하일 때는 앞부분만 보존해야 한다","status":"passed","title":"최대 길이가 10 이하일 때는 앞부분만 보존해야 한다","duration":0.05291699999997945,"failureMessages":[],"meta":{}},{"ancestorTitles":["textUtils","truncateFunctionName"],"fullName":"textUtils truncateFunctionName 일반적인 경우 앞부분과 끝부분을 보존해야 한다","status":"passed","title":"일반적인 경우 앞부분과 끝부분을 보존해야 한다","duration":0.09183400000000574,"failureMessages":[],"meta":{}},{"ancestorTitles":["textUtils","getVisualTextLength"],"fullName":"textUtils getVisualTextLength 영문 텍스트는 1글자당 1로 계산해야 한다","status":"passed","title":"영문 텍스트는 1글자당 1로 계산해야 한다","duration":0.2697080000000369,"failureMessages":[],"meta":{}},{"ancestorTitles":["textUtils","getVisualTextLength"],"fullName":"textUtils getVisualTextLength 한글은 1글자당 1로 계산해야 한다 (정규식에서 한글 범위 누락)","status":"passed","title":"한글은 1글자당 1로 계산해야 한다 (정규식에서 한글 범위 누락)","duration":0.10683299999999463,"failureMessages":[],"meta":{}},{"ancestorTitles":["textUtils","getVisualTextLength"],"fullName":"textUtils getVisualTextLength 일본어는 1글자당 2로 계산해야 한다","status":"passed","title":"일본어는 1글자당 2로 계산해야 한다","duration":0.0639590000000112,"failureMessages":[],"meta":{}},{"ancestorTitles":["textUtils","getVisualTextLength"],"fullName":"textUtils getVisualTextLength 중국어는 1글자당 2로 계산해야 한다","status":"passed","title":"중국어는 1글자당 2로 계산해야 한다","duration":0.04441700000000992,"failureMessages":[],"meta":{}},{"ancestorTitles":["textUtils","getVisualTextLength"],"fullName":"textUtils getVisualTextLength 혼합 텍스트를 올바르게 계산해야 한다","status":"passed","title":"혼합 텍스트를 올바르게 계산해야 한다","duration":0.06766599999997425,"failureMessages":[],"meta":{}},{"ancestorTitles":["textUtils","getVisualTextLength"],"fullName":"textUtils getVisualTextLength 빈 문자열은 0을 반환해야 한다","status":"passed","title":"빈 문자열은 0을 반환해야 한다","duration":0.042541999999968994,"failureMessages":[],"meta":{}},{"ancestorTitles":["textUtils","getVisualTextLength"],"fullName":"textUtils getVisualTextLength 공백과 특수문자를 처리해야 한다","status":"passed","title":"공백과 특수문자를 처리해야 한다","duration":0.0685420000000363,"failureMessages":[],"meta":{}},{"ancestorTitles":["textUtils","truncateByVisualLength"],"fullName":"textUtils truncateByVisualLength 영문 텍스트를 시각적 길이 기준으로 자르기","status":"passed","title":"영문 텍스트를 시각적 길이 기준으로 자르기","duration":0.09604200000001129,"failureMessages":[],"meta":{}},{"ancestorTitles":["textUtils","truncateByVisualLength"],"fullName":"textUtils truncateByVisualLength 한글 텍스트를 시각적 길이 기준으로 자르기","status":"passed","title":"한글 텍스트를 시각적 길이 기준으로 자르기","duration":0.07304199999998673,"failureMessages":[],"meta":{}},{"ancestorTitles":["textUtils","truncateByVisualLength"],"fullName":"textUtils truncateByVisualLength 혼합 텍스트를 올바르게 처리해야 한다","status":"passed","title":"혼합 텍스트를 올바르게 처리해야 한다","duration":0.05329199999999901,"failureMessages":[],"meta":{}},{"ancestorTitles":["textUtils","truncateByVisualLength"],"fullName":"textUtils truncateByVisualLength 잘린 텍스트에는 ...이 추가되어야 한다","status":"passed","title":"잘린 텍스트에는 ...이 추가되어야 한다","duration":0.06058300000000827,"failureMessages":[],"meta":{}},{"ancestorTitles":["textUtils","truncateByVisualLength"],"fullName":"textUtils truncateByVisualLength 잘리지 않은 텍스트에는 ...이 없어야 한다","status":"passed","title":"잘리지 않은 텍스트에는 ...이 없어야 한다","duration":0.09745800000001736,"failureMessages":[],"meta":{}},{"ancestorTitles":["textUtils","truncateByVisualLength"],"fullName":"textUtils truncateByVisualLength 정확히 맞는 길이의 텍스트를 처리해야 한다","status":"passed","title":"정확히 맞는 길이의 텍스트를 처리해야 한다","duration":0.059292000000027656,"failureMessages":[],"meta":{}},{"ancestorTitles":["textUtils","truncateByVisualLength"],"fullName":"textUtils truncateByVisualLength 빈 문자열을 처리해야 한다","status":"passed","title":"빈 문자열을 처리해야 한다","duration":0.05062500000002501,"failureMessages":[],"meta":{}},{"ancestorTitles":["textUtils","createTextDisplayClasses"],"fullName":"textUtils createTextDisplayClasses 기본 클래스를 포함해야 한다","status":"passed","title":"기본 클래스를 포함해야 한다","duration":0.06274999999999409,"failureMessages":[],"meta":{}},{"ancestorTitles":["textUtils","createTextDisplayClasses"],"fullName":"textUtils createTextDisplayClasses 단일 라인 클래스를 추가해야 한다","status":"passed","title":"단일 라인 클래스를 추가해야 한다","duration":0.07279199999999264,"failureMessages":[],"meta":{}},{"ancestorTitles":["textUtils","createTextDisplayClasses"],"fullName":"textUtils createTextDisplayClasses 다중 라인 클래스를 추가해야 한다","status":"passed","title":"다중 라인 클래스를 추가해야 한다","duration":0.05349999999998545,"failureMessages":[],"meta":{}},{"ancestorTitles":["textUtils","createTextDisplayClasses"],"fullName":"textUtils createTextDisplayClasses breakWord가 true일 때 관련 클래스를 추가해야 한다","status":"passed","title":"breakWord가 true일 때 관련 클래스를 추가해야 한다","duration":0.05762500000003001,"failureMessages":[],"meta":{}},{"ancestorTitles":["textUtils","createTextDisplayClasses"],"fullName":"textUtils createTextDisplayClasses breakWord가 false일 때 관련 클래스를 추가하지 않아야 한다","status":"passed","title":"breakWord가 false일 때 관련 클래스를 추가하지 않아야 한다","duration":0.04112500000002228,"failureMessages":[],"meta":{}},{"ancestorTitles":["textUtils","createTextDisplayClasses"],"fullName":"textUtils createTextDisplayClasses 모든 클래스를 공백으로 구분해야 한다","status":"passed","title":"모든 클래스를 공백으로 구분해야 한다","duration":0.43437499999998863,"failureMessages":[],"meta":{}},{"ancestorTitles":["textUtils","typography"],"fullName":"textUtils typography 헤딩 크기들이 정의되어야 한다","status":"passed","title":"헤딩 크기들이 정의되어야 한다","duration":0.12850000000003092,"failureMessages":[],"meta":{}},{"ancestorTitles":["textUtils","typography"],"fullName":"textUtils typography 본문 텍스트 크기들이 정의되어야 한다","status":"passed","title":"본문 텍스트 크기들이 정의되어야 한다","duration":0.0772089999999821,"failureMessages":[],"meta":{}},{"ancestorTitles":["textUtils","typography"],"fullName":"textUtils typography 캡션 크기들이 정의되어야 한다","status":"passed","title":"캡션 크기들이 정의되어야 한다","duration":0.07075000000003229,"failureMessages":[],"meta":{}},{"ancestorTitles":["textUtils","typography"],"fullName":"textUtils typography 모든 크기가 px 단위를 사용해야 한다","status":"passed","title":"모든 크기가 px 단위를 사용해야 한다","duration":0.1812089999999671,"failureMessages":[],"meta":{}},{"ancestorTitles":["textUtils","typography"],"fullName":"textUtils typography h1이 가장 큰 크기여야 한다","status":"passed","title":"h1이 가장 큰 크기여야 한다","duration":0.09479200000004084,"failureMessages":[],"meta":{}},{"ancestorTitles":["textUtils","typography"],"fullName":"textUtils typography 크기가 계층적으로 정의되어야 한다","status":"passed","title":"크기가 계층적으로 정의되어야 한다","duration":0.1431660000000079,"failureMessages":[],"meta":{}},{"ancestorTitles":["textUtils","ASCII vs CJK 문자 처리"],"fullName":"textUtils ASCII vs CJK 문자 처리 ASCII 문자만 있을 때 각 문자를 1로 계산해야 한다","status":"passed","title":"ASCII 문자만 있을 때 각 문자를 1로 계산해야 한다","duration":0.15862499999997226,"failureMessages":[],"meta":{}},{"ancestorTitles":["textUtils","ASCII vs CJK 문자 처리"],"fullName":"textUtils ASCII vs CJK 문자 처리 CJK 문자와 ASCII 문자가 섞여있을 때 정확히 계산해야 한다","status":"passed","title":"CJK 문자와 ASCII 문자가 섞여있을 때 정확히 계산해야 한다","duration":0.07450000000000045,"failureMessages":[],"meta":{}},{"ancestorTitles":["textUtils","엣지 케이스"],"fullName":"textUtils 엣지 케이스 빈 설정 객체를 처리해야 한다","status":"passed","title":"빈 설정 객체를 처리해야 한다","duration":0.6472079999999778,"failureMessages":[],"meta":{}},{"ancestorTitles":["textUtils","엣지 케이스"],"fullName":"textUtils 엣지 케이스 0 길이 문자열을 처리해야 한다","status":"passed","title":"0 길이 문자열을 처리해야 한다","duration":0.150333000000046,"failureMessages":[],"meta":{}},{"ancestorTitles":["textUtils","엣지 케이스"],"fullName":"textUtils 엣지 케이스 매우 작은 maxLength를 처리해야 한다","status":"passed","title":"매우 작은 maxLength를 처리해야 한다","duration":0.061707999999953245,"failureMessages":[],"meta":{}},{"ancestorTitles":["textUtils","엣지 케이스"],"fullName":"textUtils 엣지 케이스 maxVisualLength가 0인 경우를 처리해야 한다","status":"passed","title":"maxVisualLength가 0인 경우를 처리해야 한다","duration":0.0569590000000062,"failureMessages":[],"meta":{}},{"ancestorTitles":["textUtils","엣지 케이스"],"fullName":"textUtils 엣지 케이스 특수 문자와 이모지를 포함한 텍스트를 처리해야 한다","status":"passed","title":"특수 문자와 이모지를 포함한 텍스트를 처리해야 한다","duration":0.12658299999998235,"failureMessages":[],"meta":{}},{"ancestorTitles":["textUtils","엣지 케이스"],"fullName":"textUtils 엣지 케이스 매우 긴 함수명을 처리해야 한다","status":"passed","title":"매우 긴 함수명을 처리해야 한다","duration":0.05475000000001273,"failureMessages":[],"meta":{}},{"ancestorTitles":["textUtils","엣지 케이스"],"fullName":"textUtils 엣지 케이스 유니코드 문자를 올바르게 처리해야 한다","status":"passed","title":"유니코드 문자를 올바르게 처리해야 한다","duration":0.1269580000000019,"failureMessages":[],"meta":{}}],"startTime":1751792898753,"endTime":1751792898760.127,"status":"passed","message":"","name":"/Users/mzc01-swlee/dev/repository/github/claude-code/js-game-project/penguinjs/apps/playground/src/games/callstack-library/utils/__tests__/textUtils.test.ts"}],"coverageMap":{"/Users/mzc01-swlee/dev/repository/github/claude-code/js-game-project/penguinjs/apps/playground/src/games/callstack-library/utils/ariaUtils.ts":{"path":"/Users/mzc01-swlee/dev/repository/github/claude-code/js-game-project/penguinjs/apps/playground/src/games/callstack-library/utils/ariaUtils.ts","all":false,"statementMap":{"68":{"start":{"line":69,"column":0},"end":{"line":69,"column":46}},"70":{"start":{"line":71,"column":0},"end":{"line":71,"column":9}},"71":{"start":{"line":72,"column":0},"end":{"line":72,"column":23}},"72":{"start":{"line":73,"column":0},"end":{"line":73,"column":58}},"73":{"start":{"line":74,"column":0},"end":{"line":74,"column":54}},"74":{"start":{"line":75,"column":0},"end":{"line":75,"column":4}},"77":{"start":{"line":78,"column":0},"end":{"line":78,"column":11}},"78":{"start":{"line":79,"column":0},"end":{"line":79,"column":28}},"79":{"start":{"line":80,"column":0},"end":{"line":80,"column":28}},"80":{"start":{"line":81,"column":0},"end":{"line":81,"column":26}},"81":{"start":{"line":82,"column":0},"end":{"line":82,"column":29}},"82":{"start":{"line":83,"column":0},"end":{"line":83,"column":21}},"83":{"start":{"line":84,"column":0},"end":{"line":84,"column":4}},"86":{"start":{"line":87,"column":0},"end":{"line":87,"column":14}},"87":{"start":{"line":88,"column":0},"end":{"line":88,"column":24}},"88":{"start":{"line":89,"column":0},"end":{"line":89,"column":74}},"89":{"start":{"line":90,"column":0},"end":{"line":90,"column":27}},"90":{"start":{"line":91,"column":0},"end":{"line":91,"column":64}},"91":{"start":{"line":92,"column":0},"end":{"line":92,"column":54}},"92":{"start":{"line":93,"column":0},"end":{"line":93,"column":53}},"93":{"start":{"line":94,"column":0},"end":{"line":94,"column":4}},"96":{"start":{"line":97,"column":0},"end":{"line":97,"column":14}},"97":{"start":{"line":98,"column":0},"end":{"line":98,"column":31}},"98":{"start":{"line":99,"column":0},"end":{"line":99,"column":77}},"99":{"start":{"line":100,"column":0},"end":{"line":100,"column":31}},"100":{"start":{"line":101,"column":0},"end":{"line":101,"column":57}},"101":{"start":{"line":102,"column":0},"end":{"line":102,"column":55}},"102":{"start":{"line":103,"column":0},"end":{"line":103,"column":4}},"105":{"start":{"line":106,"column":0},"end":{"line":106,"column":14}},"106":{"start":{"line":107,"column":0},"end":{"line":107,"column":30}},"107":{"start":{"line":108,"column":0},"end":{"line":108,"column":59}},"108":{"start":{"line":109,"column":0},"end":{"line":109,"column":93}},"109":{"start":{"line":110,"column":0},"end":{"line":110,"column":26}},"110":{"start":{"line":111,"column":0},"end":{"line":111,"column":43}},"111":{"start":{"line":112,"column":0},"end":{"line":112,"column":84}},"112":{"start":{"line":113,"column":0},"end":{"line":113,"column":55}},"113":{"start":{"line":114,"column":0},"end":{"line":114,"column":4}},"116":{"start":{"line":117,"column":0},"end":{"line":117,"column":13}},"117":{"start":{"line":118,"column":0},"end":{"line":118,"column":15}},"118":{"start":{"line":119,"column":0},"end":{"line":119,"column":18}},"119":{"start":{"line":120,"column":0},"end":{"line":120,"column":17}},"120":{"start":{"line":121,"column":0},"end":{"line":121,"column":22}},"121":{"start":{"line":122,"column":0},"end":{"line":122,"column":26}},"122":{"start":{"line":123,"column":0},"end":{"line":123,"column":20}},"123":{"start":{"line":124,"column":0},"end":{"line":124,"column":18}},"124":{"start":{"line":125,"column":0},"end":{"line":125,"column":25}},"125":{"start":{"line":126,"column":0},"end":{"line":126,"column":51}},"126":{"start":{"line":127,"column":0},"end":{"line":127,"column":54}},"127":{"start":{"line":128,"column":0},"end":{"line":128,"column":31}},"128":{"start":{"line":129,"column":0},"end":{"line":129,"column":4}},"131":{"start":{"line":132,"column":0},"end":{"line":132,"column":11}},"132":{"start":{"line":133,"column":0},"end":{"line":133,"column":25}},"133":{"start":{"line":134,"column":0},"end":{"line":134,"column":20}},"134":{"start":{"line":135,"column":0},"end":{"line":135,"column":23}},"135":{"start":{"line":136,"column":0},"end":{"line":136,"column":52}},"136":{"start":{"line":137,"column":0},"end":{"line":137,"column":22}},"137":{"start":{"line":138,"column":0},"end":{"line":138,"column":27}},"138":{"start":{"line":139,"column":0},"end":{"line":139,"column":49}},"139":{"start":{"line":140,"column":0},"end":{"line":140,"column":84}},"140":{"start":{"line":141,"column":0},"end":{"line":141,"column":4}},"143":{"start":{"line":144,"column":0},"end":{"line":144,"column":15}},"144":{"start":{"line":145,"column":0},"end":{"line":145,"column":25}},"145":{"start":{"line":146,"column":0},"end":{"line":146,"column":27}},"146":{"start":{"line":147,"column":0},"end":{"line":147,"column":27}},"147":{"start":{"line":148,"column":0},"end":{"line":148,"column":66}},"148":{"start":{"line":149,"column":0},"end":{"line":149,"column":37}},"149":{"start":{"line":150,"column":0},"end":{"line":150,"column":4}},"152":{"start":{"line":153,"column":0},"end":{"line":153,"column":15}},"153":{"start":{"line":154,"column":0},"end":{"line":154,"column":31}},"154":{"start":{"line":155,"column":0},"end":{"line":155,"column":35}},"155":{"start":{"line":156,"column":0},"end":{"line":156,"column":26}},"156":{"start":{"line":157,"column":0},"end":{"line":157,"column":30}},"157":{"start":{"line":158,"column":0},"end":{"line":158,"column":26}},"158":{"start":{"line":159,"column":0},"end":{"line":159,"column":3}},"159":{"start":{"line":160,"column":0},"end":{"line":160,"column":11}},"164":{"start":{"line":165,"column":0},"end":{"line":165,"column":37}},"165":{"start":{"line":166,"column":0},"end":{"line":166,"column":17}},"166":{"start":{"line":167,"column":0},"end":{"line":167,"column":16}},"167":{"start":{"line":168,"column":0},"end":{"line":168,"column":47}},"168":{"start":{"line":169,"column":0},"end":{"line":169,"column":22}},"169":{"start":{"line":170,"column":0},"end":{"line":170,"column":10}},"170":{"start":{"line":171,"column":0},"end":{"line":171,"column":9}},"171":{"start":{"line":172,"column":0},"end":{"line":172,"column":24}},"172":{"start":{"line":173,"column":0},"end":{"line":173,"column":22}},"173":{"start":{"line":174,"column":0},"end":{"line":174,"column":4}},"174":{"start":{"line":175,"column":0},"end":{"line":175,"column":2}},"179":{"start":{"line":180,"column":0},"end":{"line":180,"column":43}},"180":{"start":{"line":181,"column":0},"end":{"line":181,"column":48}},"181":{"start":{"line":182,"column":0},"end":{"line":182,"column":24}},"182":{"start":{"line":183,"column":0},"end":{"line":183,"column":22}},"183":{"start":{"line":184,"column":0},"end":{"line":184,"column":10}},"184":{"start":{"line":185,"column":0},"end":{"line":185,"column":28}},"185":{"start":{"line":186,"column":0},"end":{"line":186,"column":25}},"186":{"start":{"line":187,"column":0},"end":{"line":187,"column":4}},"187":{"start":{"line":188,"column":0},"end":{"line":188,"column":2}},"192":{"start":{"line":193,"column":0},"end":{"line":193,"column":41}},"193":{"start":{"line":194,"column":0},"end":{"line":194,"column":18}},"194":{"start":{"line":195,"column":0},"end":{"line":195,"column":14}},"195":{"start":{"line":196,"column":0},"end":{"line":196,"column":15}},"196":{"start":{"line":197,"column":0},"end":{"line":197,"column":22}},"197":{"start":{"line":198,"column":0},"end":{"line":198,"column":10}},"198":{"start":{"line":199,"column":0},"end":{"line":199,"column":24}},"199":{"start":{"line":200,"column":0},"end":{"line":200,"column":24}},"200":{"start":{"line":201,"column":0},"end":{"line":201,"column":29}},"201":{"start":{"line":202,"column":0},"end":{"line":202,"column":23}},"202":{"start":{"line":203,"column":0},"end":{"line":203,"column":25}},"203":{"start":{"line":204,"column":0},"end":{"line":204,"column":41}},"204":{"start":{"line":205,"column":0},"end":{"line":205,"column":4}},"205":{"start":{"line":206,"column":0},"end":{"line":206,"column":2}},"210":{"start":{"line":211,"column":0},"end":{"line":211,"column":36}},"211":{"start":{"line":212,"column":0},"end":{"line":212,"column":22}},"212":{"start":{"line":213,"column":0},"end":{"line":213,"column":16}},"213":{"start":{"line":214,"column":0},"end":{"line":214,"column":18}},"214":{"start":{"line":215,"column":0},"end":{"line":215,"column":15}},"215":{"start":{"line":216,"column":0},"end":{"line":216,"column":22}},"216":{"start":{"line":217,"column":0},"end":{"line":217,"column":10}},"217":{"start":{"line":218,"column":0},"end":{"line":218,"column":16}},"218":{"start":{"line":219,"column":0},"end":{"line":219,"column":32}},"219":{"start":{"line":220,"column":0},"end":{"line":220,"column":29}},"220":{"start":{"line":221,"column":0},"end":{"line":221,"column":24}},"221":{"start":{"line":222,"column":0},"end":{"line":222,"column":14}},"222":{"start":{"line":223,"column":0},"end":{"line":223,"column":33}},"223":{"start":{"line":224,"column":0},"end":{"line":224,"column":4}},"224":{"start":{"line":225,"column":0},"end":{"line":225,"column":2}},"229":{"start":{"line":230,"column":0},"end":{"line":230,"column":39}},"230":{"start":{"line":231,"column":0},"end":{"line":231,"column":16}},"231":{"start":{"line":232,"column":0},"end":{"line":232,"column":22}},"232":{"start":{"line":233,"column":0},"end":{"line":233,"column":22}},"233":{"start":{"line":234,"column":0},"end":{"line":234,"column":10}},"234":{"start":{"line":235,"column":0},"end":{"line":235,"column":19}},"235":{"start":{"line":236,"column":0},"end":{"line":236,"column":24}},"236":{"start":{"line":237,"column":0},"end":{"line":237,"column":23}},"237":{"start":{"line":238,"column":0},"end":{"line":238,"column":59}},"238":{"start":{"line":239,"column":0},"end":{"line":239,"column":4}},"239":{"start":{"line":240,"column":0},"end":{"line":240,"column":2}},"244":{"start":{"line":245,"column":0},"end":{"line":245,"column":44}},"245":{"start":{"line":246,"column":0},"end":{"line":246,"column":16}},"246":{"start":{"line":247,"column":0},"end":{"line":247,"column":55}},"247":{"start":{"line":248,"column":0},"end":{"line":248,"column":22}},"248":{"start":{"line":249,"column":0},"end":{"line":249,"column":10}},"249":{"start":{"line":250,"column":0},"end":{"line":250,"column":18}},"250":{"start":{"line":251,"column":0},"end":{"line":251,"column":24}},"251":{"start":{"line":252,"column":0},"end":{"line":252,"column":35}},"252":{"start":{"line":253,"column":0},"end":{"line":253,"column":4}},"253":{"start":{"line":254,"column":0},"end":{"line":254,"column":2}},"258":{"start":{"line":259,"column":0},"end":{"line":259,"column":37}},"259":{"start":{"line":260,"column":0},"end":{"line":260,"column":16}},"260":{"start":{"line":261,"column":0},"end":{"line":261,"column":15}},"261":{"start":{"line":262,"column":0},"end":{"line":262,"column":22}},"262":{"start":{"line":263,"column":0},"end":{"line":263,"column":10}},"263":{"start":{"line":264,"column":0},"end":{"line":264,"column":17}},"264":{"start":{"line":265,"column":0},"end":{"line":265,"column":24}},"265":{"start":{"line":266,"column":0},"end":{"line":266,"column":55}},"266":{"start":{"line":267,"column":0},"end":{"line":267,"column":4}},"267":{"start":{"line":268,"column":0},"end":{"line":268,"column":2}},"272":{"start":{"line":273,"column":0},"end":{"line":273,"column":41}},"273":{"start":{"line":274,"column":0},"end":{"line":274,"column":19}},"274":{"start":{"line":275,"column":0},"end":{"line":275,"column":18}},"275":{"start":{"line":276,"column":0},"end":{"line":276,"column":16}},"276":{"start":{"line":277,"column":0},"end":{"line":277,"column":22}},"277":{"start":{"line":278,"column":0},"end":{"line":278,"column":10}},"278":{"start":{"line":279,"column":0},"end":{"line":279,"column":21}},"279":{"start":{"line":280,"column":0},"end":{"line":280,"column":30}},"280":{"start":{"line":281,"column":0},"end":{"line":281,"column":28}},"281":{"start":{"line":282,"column":0},"end":{"line":282,"column":41}},"282":{"start":{"line":283,"column":0},"end":{"line":283,"column":4}},"283":{"start":{"line":284,"column":0},"end":{"line":284,"column":2}},"288":{"start":{"line":289,"column":0},"end":{"line":289,"column":38}},"289":{"start":{"line":290,"column":0},"end":{"line":290,"column":18}},"290":{"start":{"line":291,"column":0},"end":{"line":291,"column":28}},"291":{"start":{"line":292,"column":0},"end":{"line":292,"column":22}},"292":{"start":{"line":293,"column":0},"end":{"line":293,"column":10}},"293":{"start":{"line":294,"column":0},"end":{"line":294,"column":18}},"294":{"start":{"line":295,"column":0},"end":{"line":295,"column":52}},"295":{"start":{"line":296,"column":0},"end":{"line":296,"column":24}},"296":{"start":{"line":297,"column":0},"end":{"line":297,"column":25}},"297":{"start":{"line":298,"column":0},"end":{"line":298,"column":4}},"298":{"start":{"line":299,"column":0},"end":{"line":299,"column":2}},"303":{"start":{"line":304,"column":0},"end":{"line":304,"column":63}},"304":{"start":{"line":305,"column":0},"end":{"line":305,"column":41}},"305":{"start":{"line":306,"column":0},"end":{"line":306,"column":75}},"306":{"start":{"line":307,"column":0},"end":{"line":307,"column":25}},"307":{"start":{"line":308,"column":0},"end":{"line":308,"column":3}},"309":{"start":{"line":310,"column":0},"end":{"line":310,"column":71}},"310":{"start":{"line":311,"column":0},"end":{"line":311,"column":48}},"311":{"start":{"line":312,"column":0},"end":{"line":312,"column":71}},"312":{"start":{"line":313,"column":0},"end":{"line":313,"column":3}},"314":{"start":{"line":315,"column":0},"end":{"line":315,"column":15}},"315":{"start":{"line":316,"column":0},"end":{"line":316,"column":2}},"320":{"start":{"line":321,"column":0},"end":{"line":321,"column":39}},"325":{"start":{"line":326,"column":0},"end":{"line":326,"column":50}},"326":{"start":{"line":327,"column":0},"end":{"line":327,"column":23}},"327":{"start":{"line":328,"column":0},"end":{"line":328,"column":15}},"328":{"start":{"line":329,"column":0},"end":{"line":329,"column":16}},"329":{"start":{"line":330,"column":0},"end":{"line":330,"column":13}},"330":{"start":{"line":331,"column":0},"end":{"line":331,"column":17}},"331":{"start":{"line":332,"column":0},"end":{"line":332,"column":21}},"332":{"start":{"line":333,"column":0},"end":{"line":333,"column":27}},"333":{"start":{"line":334,"column":0},"end":{"line":334,"column":23}},"334":{"start":{"line":335,"column":0},"end":{"line":335,"column":16}},"335":{"start":{"line":336,"column":0},"end":{"line":336,"column":2}},"340":{"start":{"line":341,"column":0},"end":{"line":341,"column":53}},"341":{"start":{"line":342,"column":0},"end":{"line":342,"column":31}},"342":{"start":{"line":343,"column":0},"end":{"line":343,"column":22}},"343":{"start":{"line":344,"column":0},"end":{"line":344,"column":2}},"348":{"start":{"line":349,"column":0},"end":{"line":349,"column":50}},"349":{"start":{"line":350,"column":0},"end":{"line":350,"column":50}},"351":{"start":{"line":352,"column":0},"end":{"line":352,"column":63}},"352":{"start":{"line":353,"column":0},"end":{"line":353,"column":2}},"357":{"start":{"line":358,"column":0},"end":{"line":358,"column":54}},"358":{"start":{"line":359,"column":0},"end":{"line":359,"column":50}},"360":{"start":{"line":361,"column":0},"end":{"line":361,"column":71}},"361":{"start":{"line":362,"column":0},"end":{"line":362,"column":2}},"366":{"start":{"line":367,"column":0},"end":{"line":367,"column":52}},"367":{"start":{"line":368,"column":0},"end":{"line":368,"column":50}},"370":{"start":{"line":371,"column":0},"end":{"line":371,"column":12}},"371":{"start":{"line":372,"column":0},"end":{"line":372,"column":59}},"372":{"start":{"line":373,"column":0},"end":{"line":373,"column":62}},"374":{"start":{"line":375,"column":0},"end":{"line":375,"column":69}},"376":{"start":{"line":377,"column":0},"end":{"line":377,"column":2}}},"s":{"68":1,"70":1,"71":1,"72":1,"73":1,"74":1,"77":1,"78":1,"79":1,"80":1,"81":1,"82":1,"83":1,"86":1,"87":1,"88":1,"89":1,"90":1,"91":1,"92":1,"93":1,"96":1,"97":1,"98":1,"99":1,"100":1,"101":1,"102":1,"105":1,"106":1,"107":1,"108":2,"109":1,"110":1,"111":2,"112":1,"113":1,"116":1,"117":1,"118":1,"119":1,"120":1,"121":1,"122":1,"123":1,"124":1,"125":1,"126":1,"127":1,"128":1,"131":1,"132":1,"133":1,"134":1,"135":1,"136":1,"137":1,"138":1,"139":1,"140":1,"143":1,"144":1,"145":1,"146":1,"147":1,"148":1,"149":1,"152":1,"153":1,"154":1,"155":1,"156":1,"157":1,"158":1,"159":1,"164":1,"165":9,"166":9,"167":9,"168":9,"169":9,"170":9,"171":9,"172":9,"173":9,"174":9,"179":1,"180":3,"181":3,"182":3,"183":3,"184":3,"185":3,"186":3,"187":3,"192":1,"193":4,"194":4,"195":4,"196":4,"197":4,"198":4,"199":4,"200":4,"201":4,"202":4,"203":4,"204":4,"205":4,"210":1,"211":2,"212":2,"213":2,"214":2,"215":2,"216":2,"217":2,"218":2,"219":2,"220":2,"221":2,"222":2,"223":2,"224":2,"229":1,"230":3,"231":3,"232":3,"233":3,"234":3,"235":3,"236":3,"237":3,"238":3,"239":3,"244":1,"245":2,"246":2,"247":2,"248":2,"249":2,"250":2,"251":2,"252":2,"253":2,"258":1,"259":3,"260":3,"261":3,"262":3,"263":3,"264":3,"265":3,"266":3,"267":3,"272":1,"273":5,"274":5,"275":5,"276":5,"277":5,"278":5,"279":5,"280":5,"281":5,"282":5,"283":5,"288":1,"289":2,"290":2,"291":2,"292":2,"293":2,"294":2,"295":2,"296":2,"297":2,"298":2,"303":1,"304":9,"305":4,"306":4,"307":4,"309":5,"310":9,"311":4,"312":4,"314":1,"315":1,"320":1,"325":1,"326":1,"327":1,"328":1,"329":1,"330":1,"331":1,"332":1,"333":1,"334":1,"335":1,"340":1,"341":1,"342":1,"343":1,"348":1,"349":3,"351":2,"352":2,"357":1,"358":3,"360":2,"361":2,"366":1,"367":5,"370":4,"371":4,"372":3,"374":2,"376":5},"branchMap":{"0":{"type":"branch","line":73,"loc":{"start":{"line":73,"column":11},"end":{"line":73,"column":58}},"locations":[{"start":{"line":73,"column":11},"end":{"line":73,"column":58}}]},"1":{"type":"branch","line":89,"loc":{"start":{"line":89,"column":10},"end":{"line":89,"column":74}},"locations":[{"start":{"line":89,"column":10},"end":{"line":89,"column":74}}]},"2":{"type":"branch","line":91,"loc":{"start":{"line":91,"column":14},"end":{"line":91,"column":64}},"locations":[{"start":{"line":91,"column":14},"end":{"line":91,"column":64}}]},"3":{"type":"branch","line":92,"loc":{"start":{"line":92,"column":10},"end":{"line":92,"column":54}},"locations":[{"start":{"line":92,"column":10},"end":{"line":92,"column":54}}]},"4":{"type":"branch","line":93,"loc":{"start":{"line":93,"column":9},"end":{"line":93,"column":53}},"locations":[{"start":{"line":93,"column":9},"end":{"line":93,"column":53}}]},"5":{"type":"branch","line":99,"loc":{"start":{"line":99,"column":10},"end":{"line":99,"column":77}},"locations":[{"start":{"line":99,"column":10},"end":{"line":99,"column":77}}]},"6":{"type":"branch","line":101,"loc":{"start":{"line":101,"column":9},"end":{"line":101,"column":57}},"locations":[{"start":{"line":101,"column":9},"end":{"line":101,"column":57}}]},"7":{"type":"branch","line":102,"loc":{"start":{"line":102,"column":13},"end":{"line":102,"column":55}},"locations":[{"start":{"line":102,"column":13},"end":{"line":102,"column":55}}]},"8":{"type":"branch","line":108,"loc":{"start":{"line":108,"column":10},"end":{"line":109,"column":93}},"locations":[{"start":{"line":108,"column":10},"end":{"line":109,"column":93}}]},"9":{"type":"branch","line":109,"loc":{"start":{"line":109,"column":6},"end":{"line":109,"column":62}},"locations":[{"start":{"line":109,"column":6},"end":{"line":109,"column":62}}]},"10":{"type":"branch","line":109,"loc":{"start":{"line":109,"column":57},"end":{"line":109,"column":93}},"locations":[{"start":{"line":109,"column":57},"end":{"line":109,"column":93}}]},"11":{"type":"branch","line":111,"loc":{"start":{"line":111,"column":9},"end":{"line":112,"column":84}},"locations":[{"start":{"line":111,"column":9},"end":{"line":112,"column":84}}]},"12":{"type":"branch","line":112,"loc":{"start":{"line":112,"column":6},"end":{"line":112,"column":54}},"locations":[{"start":{"line":112,"column":6},"end":{"line":112,"column":54}}]},"13":{"type":"branch","line":112,"loc":{"start":{"line":112,"column":34},"end":{"line":112,"column":84}},"locations":[{"start":{"line":112,"column":34},"end":{"line":112,"column":84}}]},"14":{"type":"branch","line":113,"loc":{"start":{"line":113,"column":13},"end":{"line":113,"column":55}},"locations":[{"start":{"line":113,"column":13},"end":{"line":113,"column":55}}]},"15":{"type":"branch","line":126,"loc":{"start":{"line":126,"column":17},"end":{"line":126,"column":51}},"locations":[{"start":{"line":126,"column":17},"end":{"line":126,"column":51}}]},"16":{"type":"branch","line":127,"loc":{"start":{"line":127,"column":20},"end":{"line":127,"column":54}},"locations":[{"start":{"line":127,"column":20},"end":{"line":127,"column":54}}]},"17":{"type":"branch","line":136,"loc":{"start":{"line":136,"column":11},"end":{"line":136,"column":52}},"locations":[{"start":{"line":136,"column":11},"end":{"line":136,"column":52}}]},"18":{"type":"branch","line":139,"loc":{"start":{"line":139,"column":10},"end":{"line":139,"column":49}},"locations":[{"start":{"line":139,"column":10},"end":{"line":139,"column":49}}]},"19":{"type":"branch","line":140,"loc":{"start":{"line":140,"column":16},"end":{"line":140,"column":84}},"locations":[{"start":{"line":140,"column":16},"end":{"line":140,"column":84}}]},"20":{"type":"branch","line":148,"loc":{"start":{"line":148,"column":19},"end":{"line":148,"column":66}},"locations":[{"start":{"line":148,"column":19},"end":{"line":148,"column":66}}]},"21":{"type":"branch","line":165,"loc":{"start":{"line":165,"column":36},"end":{"line":175,"column":2}},"locations":[{"start":{"line":165,"column":36},"end":{"line":175,"column":2}}]},"22":{"type":"branch","line":180,"loc":{"start":{"line":180,"column":42},"end":{"line":188,"column":2}},"locations":[{"start":{"line":180,"column":42},"end":{"line":188,"column":2}}]},"23":{"type":"branch","line":193,"loc":{"start":{"line":193,"column":40},"end":{"line":206,"column":2}},"locations":[{"start":{"line":193,"column":40},"end":{"line":206,"column":2}}]},"24":{"type":"branch","line":211,"loc":{"start":{"line":211,"column":35},"end":{"line":225,"column":2}},"locations":[{"start":{"line":211,"column":35},"end":{"line":225,"column":2}}]},"25":{"type":"branch","line":223,"loc":{"start":{"line":223,"column":14},"end":{"line":223,"column":31}},"locations":[{"start":{"line":223,"column":14},"end":{"line":223,"column":31}}]},"26":{"type":"branch","line":223,"loc":{"start":{"line":223,"column":27},"end":{"line":223,"column":33}},"locations":[{"start":{"line":223,"column":27},"end":{"line":223,"column":33}}]},"27":{"type":"branch","line":230,"loc":{"start":{"line":230,"column":38},"end":{"line":240,"column":2}},"locations":[{"start":{"line":230,"column":38},"end":{"line":240,"column":2}}]},"28":{"type":"branch","line":238,"loc":{"start":{"line":238,"column":8},"end":{"line":238,"column":59}},"locations":[{"start":{"line":238,"column":8},"end":{"line":238,"column":59}}]},"29":{"type":"branch","line":245,"loc":{"start":{"line":245,"column":43},"end":{"line":254,"column":2}},"locations":[{"start":{"line":245,"column":43},"end":{"line":254,"column":2}}]},"30":{"type":"branch","line":259,"loc":{"start":{"line":259,"column":36},"end":{"line":268,"column":2}},"locations":[{"start":{"line":259,"column":36},"end":{"line":268,"column":2}}]},"31":{"type":"branch","line":266,"loc":{"start":{"line":266,"column":17},"end":{"line":266,"column":55}},"locations":[{"start":{"line":266,"column":17},"end":{"line":266,"column":55}}]},"32":{"type":"branch","line":273,"loc":{"start":{"line":273,"column":40},"end":{"line":284,"column":2}},"locations":[{"start":{"line":273,"column":40},"end":{"line":284,"column":2}}]},"33":{"type":"branch","line":282,"loc":{"start":{"line":282,"column":8},"end":{"line":282,"column":41}},"locations":[{"start":{"line":282,"column":8},"end":{"line":282,"column":41}}]},"34":{"type":"branch","line":289,"loc":{"start":{"line":289,"column":37},"end":{"line":299,"column":2}},"locations":[{"start":{"line":289,"column":37},"end":{"line":299,"column":2}}]},"35":{"type":"branch","line":295,"loc":{"start":{"line":295,"column":17},"end":{"line":295,"column":43}},"locations":[{"start":{"line":295,"column":17},"end":{"line":295,"column":43}}]},"36":{"type":"branch","line":295,"loc":{"start":{"line":295,"column":29},"end":{"line":295,"column":52}},"locations":[{"start":{"line":295,"column":29},"end":{"line":295,"column":52}}]},"37":{"type":"branch","line":304,"loc":{"start":{"line":304,"column":27},"end":{"line":316,"column":2}},"locations":[{"start":{"line":304,"column":27},"end":{"line":316,"column":2}}]},"38":{"type":"branch","line":305,"loc":{"start":{"line":305,"column":40},"end":{"line":308,"column":3}},"locations":[{"start":{"line":305,"column":40},"end":{"line":308,"column":3}}]},"39":{"type":"branch","line":306,"loc":{"start":{"line":306,"column":61},"end":{"line":306,"column":71}},"locations":[{"start":{"line":306,"column":61},"end":{"line":306,"column":71}}]},"40":{"type":"branch","line":308,"loc":{"start":{"line":308,"column":2},"end":{"line":311,"column":47}},"locations":[{"start":{"line":308,"column":2},"end":{"line":311,"column":47}}]},"41":{"type":"branch","line":311,"loc":{"start":{"line":311,"column":47},"end":{"line":313,"column":3}},"locations":[{"start":{"line":311,"column":47},"end":{"line":313,"column":3}}]},"42":{"type":"branch","line":313,"loc":{"start":{"line":313,"column":2},"end":{"line":316,"column":2}},"locations":[{"start":{"line":313,"column":2},"end":{"line":316,"column":2}}]},"43":{"type":"branch","line":349,"loc":{"start":{"line":349,"column":34},"end":{"line":353,"column":2}},"locations":[{"start":{"line":349,"column":34},"end":{"line":353,"colum
[...]
":0},"end":{"line":332,"column":7}},"332":{"start":{"line":333,"column":0},"end":{"line":333,"column":3}},"334":{"start":{"line":335,"column":0},"end":{"line":335,"column":97}},"336":{"start":{"line":337,"column":0},"end":{"line":337,"column":12}},"337":{"start":{"line":338,"column":0},"end":{"line":338,"column":20}},"338":{"start":{"line":339,"column":0},"end":{"line":339,"column":22}},"339":{"start":{"line":340,"column":0},"end":{"line":340,"column":21}},"340":{"start":{"line":341,"column":0},"end":{"line":341,"column":24}},"341":{"start":{"line":342,"column":0},"end":{"line":342,"column":69}},"342":{"start":{"line":343,"column":0},"end":{"line":343,"column":29}},"343":{"start":{"line":344,"column":0},"end":{"line":344,"column":8}},"344":{"start":{"line":345,"column":0},"end":{"line":345,"column":6}},"345":{"start":{"line":346,"column":0},"end":{"line":346,"column":3}},"347":{"start":{"line":348,"column":0},"end":{"line":348,"column":89}},"348":{"start":{"line":349,"column":0},"end":{"line":349,"column":60}},"350":{"start":{"line":351,"column":0},"end":{"line":351,"column":26}},"351":{"start":{"line":352,"column":0},"end":{"line":352,"column":32}},"352":{"start":{"line":353,"column":0},"end":{"line":353,"column":5}},"355":{"start":{"line":356,"column":0},"end":{"line":356,"column":23}},"356":{"start":{"line":357,"column":0},"end":{"line":357,"column":40}},"357":{"start":{"line":358,"column":0},"end":{"line":358,"column":46}},"358":{"start":{"line":359,"column":0},"end":{"line":359,"column":27}},"360":{"start":{"line":361,"column":0},"end":{"line":361,"column":33}},"363":{"start":{"line":364,"column":0},"end":{"line":364,"column":43}},"364":{"start":{"line":365,"column":0},"end":{"line":365,"column":60}},"365":{"start":{"line":366,"column":0},"end":{"line":366,"column":14}},"366":{"start":{"line":367,"column":0},"end":{"line":367,"column":7}},"367":{"start":{"line":368,"column":0},"end":{"line":368,"column":5}},"369":{"start":{"line":370,"column":0},"end":{"line":370,"column":12}},"370":{"start":{"line":371,"column":0},"end":{"line":371,"column":20}},"371":{"start":{"line":372,"column":0},"end":{"line":372,"column":71}},"372":{"start":{"line":373,"column":0},"end":{"line":373,"column":21}},"373":{"start":{"line":374,"column":0},"end":{"line":374,"column":24}},"374":{"start":{"line":375,"column":0},"end":{"line":375,"column":56}},"375":{"start":{"line":376,"column":0},"end":{"line":376,"column":29}},"376":{"start":{"line":377,"column":0},"end":{"line":377,"column":8}},"377":{"start":{"line":378,"column":0},"end":{"line":378,"column":6}},"378":{"start":{"line":379,"column":0},"end":{"line":379,"column":3}},"380":{"start":{"line":381,"column":0},"end":{"line":381,"column":95}},"382":{"start":{"line":383,"column":0},"end":{"line":383,"column":12}},"383":{"start":{"line":384,"column":0},"end":{"line":384,"column":20}},"384":{"start":{"line":385,"column":0},"end":{"line":385,"column":40}},"385":{"start":{"line":386,"column":0},"end":{"line":386,"column":21}},"386":{"start":{"line":387,"column":0},"end":{"line":387,"column":24}},"387":{"start":{"line":388,"column":0},"end":{"line":388,"column":40}},"388":{"start":{"line":389,"column":0},"end":{"line":389,"column":29}},"389":{"start":{"line":390,"column":0},"end":{"line":390,"column":8}},"390":{"start":{"line":391,"column":0},"end":{"line":391,"column":6}},"391":{"start":{"line":392,"column":0},"end":{"line":392,"column":3}},"393":{"start":{"line":394,"column":0},"end":{"line":394,"column":97}},"395":{"start":{"line":396,"column":0},"end":{"line":396,"column":12}},"396":{"start":{"line":397,"column":0},"end":{"line":397,"column":20}},"397":{"start":{"line":398,"column":0},"end":{"line":398,"column":39}},"398":{"start":{"line":399,"column":0},"end":{"line":399,"column":21}},"399":{"start":{"line":400,"column":0},"end":{"line":400,"column":24}},"400":{"start":{"line":401,"column":0},"end":{"line":401,"column":41}},"401":{"start":{"line":402,"column":0},"end":{"line":402,"column":29}},"402":{"start":{"line":403,"column":0},"end":{"line":403,"column":8}},"403":{"start":{"line":404,"column":0},"end":{"line":404,"column":6}},"404":{"start":{"line":405,"column":0},"end":{"line":405,"column":3}},"406":{"start":{"line":407,"column":0},"end":{"line":407,"column":89}},"407":{"start":{"line":408,"column":0},"end":{"line":408,"column":30}},"409":{"start":{"line":410,"column":0},"end":{"line":410,"column":12}},"410":{"start":{"line":411,"column":0},"end":{"line":411,"column":20}},"411":{"start":{"line":412,"column":0},"end":{"line":412,"column":42}},"412":{"start":{"line":413,"column":0},"end":{"line":413,"column":21}},"413":{"start":{"line":414,"column":0},"end":{"line":414,"column":24}},"414":{"start":{"line":415,"column":0},"end":{"line":415,"column":53}},"415":{"start":{"line":416,"column":0},"end":{"line":416,"column":29}},"416":{"start":{"line":417,"column":0},"end":{"line":417,"column":8}},"417":{"start":{"line":418,"column":0},"end":{"line":418,"column":6}},"418":{"start":{"line":419,"column":0},"end":{"line":419,"column":3}},"420":{"start":{"line":421,"column":0},"end":{"line":421,"column":93}},"422":{"start":{"line":423,"column":0},"end":{"line":423,"column":65}},"424":{"start":{"line":425,"column":0},"end":{"line":425,"column":12}},"425":{"start":{"line":426,"column":0},"end":{"line":426,"column":20}},"426":{"start":{"line":427,"column":0},"end":{"line":427,"column":22}},"427":{"start":{"line":428,"column":0},"end":{"line":428,"column":21}},"428":{"start":{"line":429,"column":0},"end":{"line":429,"column":24}},"429":{"start":{"line":430,"column":0},"end":{"line":430,"column":63}},"430":{"start":{"line":431,"column":0},"end":{"line":431,"column":29}},"431":{"start":{"line":432,"column":0},"end":{"line":432,"column":8}},"432":{"start":{"line":433,"column":0},"end":{"line":433,"column":6}},"433":{"start":{"line":434,"column":0},"end":{"line":434,"column":3}},"435":{"start":{"line":436,"column":0},"end":{"line":436,"column":91}},"436":{"start":{"line":437,"column":0},"end":{"line":437,"column":67}},"438":{"start":{"line":439,"column":0},"end":{"line":439,"column":9}},"440":{"start":{"line":441,"column":0},"end":{"line":441,"column":74}},"442":{"start":{"line":443,"column":0},"end":{"line":443,"column":14}},"443":{"start":{"line":444,"column":0},"end":{"line":444,"column":22}},"444":{"start":{"line":445,"column":0},"end":{"line":445,"column":35}},"445":{"start":{"line":446,"column":0},"end":{"line":446,"column":23}},"446":{"start":{"line":447,"column":0},"end":{"line":447,"column":26}},"447":{"start":{"line":448,"column":0},"end":{"line":448,"column":55}},"448":{"start":{"line":449,"column":0},"end":{"line":449,"column":31}},"449":{"start":{"line":450,"column":0},"end":{"line":450,"column":10}},"450":{"start":{"line":451,"column":0},"end":{"line":451,"column":8}},"451":{"start":{"line":452,"column":0},"end":{"line":452,"column":21}},"452":{"start":{"line":453,"column":0},"end":{"line":453,"column":14}},"453":{"start":{"line":454,"column":0},"end":{"line":454,"column":23}},"454":{"start":{"line":455,"column":0},"end":{"line":455,"column":30}},"455":{"start":{"line":456,"column":0},"end":{"line":456,"column":24}},"456":{"start":{"line":457,"column":0},"end":{"line":457,"column":23}},"457":{"start":{"line":458,"column":0},"end":{"line":458,"column":8}},"458":{"start":{"line":459,"column":0},"end":{"line":459,"column":5}},"459":{"start":{"line":460,"column":0},"end":{"line":460,"column":3}},"460":{"start":{"line":461,"column":0},"end":{"line":461,"column":1}},"463":{"start":{"line":464,"column":0},"end":{"line":464,"column":61}},"471":{"start":{"line":472,"column":0},"end":{"line":472,"column":24}},"476":{"start":{"line":477,"column":0},"end":{"line":477,"column":6}},"477":{"start":{"line":478,"column":0},"end":{"line":478,"column":29}},"478":{"start":{"line":479,"column":0},"end":{"line":479,"column":72}},"479":{"start":{"line":480,"column":0},"end":{"line":480,"column":75}},"480":{"start":{"line":481,"column":0},"end":{"line":481,"column":73}},"481":{"start":{"line":482,"column":0},"end":{"line":482,"column":74}},"482":{"start":{"line":483,"column":0},"end":{"line":483,"column":6}},"483":{"start":{"line":484,"column":0},"end":{"line":484,"column":3}},"485":{"start":{"line":486,"column":0},"end":{"line":486,"column":69}},"486":{"start":{"line":487,"column":0},"end":{"line":487,"column":77}},"487":{"start":{"line":488,"column":0},"end":{"line":488,"column":28}},"488":{"start":{"line":489,"column":0},"end":{"line":489,"column":35}},"489":{"start":{"line":490,"column":0},"end":{"line":490,"column":13}},"490":{"start":{"line":491,"column":0},"end":{"line":491,"column":7}},"492":{"start":{"line":493,"column":0},"end":{"line":493,"column":32}},"493":{"start":{"line":494,"column":0},"end":{"line":494,"column":3}},"495":{"start":{"line":496,"column":0},"end":{"line":496,"column":98}},"496":{"start":{"line":497,"column":0},"end":{"line":497,"column":77}},"497":{"start":{"line":498,"column":0},"end":{"line":498,"column":28}},"498":{"start":{"line":499,"column":0},"end":{"line":499,"column":30}},"499":{"start":{"line":500,"column":0},"end":{"line":500,"column":42}},"500":{"start":{"line":501,"column":0},"end":{"line":501,"column":38}},"501":{"start":{"line":502,"column":0},"end":{"line":502,"column":7}},"503":{"start":{"line":504,"column":0},"end":{"line":504,"column":18}},"504":{"start":{"line":505,"column":0},"end":{"line":505,"column":3}},"506":{"start":{"line":507,"column":0},"end":{"line":507,"column":78}},"507":{"start":{"line":508,"column":0},"end":{"line":508,"column":75}},"508":{"start":{"line":509,"column":0},"end":{"line":509,"column":28}},"509":{"start":{"line":510,"column":0},"end":{"line":510,"column":27}},"510":{"start":{"line":511,"column":0},"end":{"line":511,"column":13}},"511":{"start":{"line":512,"column":0},"end":{"line":512,"column":7}},"512":{"start":{"line":513,"column":0},"end":{"line":513,"column":3}},"513":{"start":{"line":514,"column":0},"end":{"line":514,"column":1}},"516":{"start":{"line":517,"column":0},"end":{"line":517,"column":61}},"517":{"start":{"line":518,"column":0},"end":{"line":518,"column":109}},"524":{"start":{"line":525,"column":0},"end":{"line":525,"column":34}},"528":{"start":{"line":529,"column":0},"end":{"line":529,"column":6}},"529":{"start":{"line":530,"column":0},"end":{"line":530,"column":45}},"530":{"start":{"line":531,"column":0},"end":{"line":531,"column":3}},"532":{"start":{"line":533,"column":0},"end":{"line":533,"column":69}},"533":{"start":{"line":534,"column":0},"end":{"line":534,"column":32}},"534":{"start":{"line":535,"column":0},"end":{"line":535,"column":3}},"536":{"start":{"line":537,"column":0},"end":{"line":537,"column":98}},"538":{"start":{"line":539,"column":0},"end":{"line":539,"column":42}},"539":{"start":{"line":540,"column":0},"end":{"line":540,"column":41}},"540":{"start":{"line":541,"column":0},"end":{"line":541,"column":5}},"542":{"start":{"line":543,"column":0},"end":{"line":543,"column":42}},"543":{"start":{"line":544,"column":0},"end":{"line":544,"column":28}},"544":{"start":{"line":545,"column":0},"end":{"line":545,"column":42}},"545":{"start":{"line":546,"column":0},"end":{"line":546,"column":29}},"546":{"start":{"line":547,"column":0},"end":{"line":547,"column":7}},"549":{"start":{"line":550,"column":0},"end":{"line":550,"column":32}},"550":{"start":{"line":551,"column":0},"end":{"line":551,"column":59}},"551":{"start":{"line":552,"column":0},"end":{"line":552,"column":34}},"552":{"start":{"line":553,"column":0},"end":{"line":553,"column":31}},"553":{"start":{"line":554,"column":0},"end":{"line":554,"column":9}},"555":{"start":{"line":556,"column":0},"end":{"line":556,"column":78}},"556":{"start":{"line":557,"column":0},"end":{"line":557,"column":33}},"557":{"start":{"line":558,"column":0},"end":{"line":558,"column":9}},"558":{"start":{"line":559,"column":0},"end":{"line":559,"column":5}},"561":{"start":{"line":562,"column":0},"end":{"line":562,"column":29}},"562":{"start":{"line":563,"column":0},"end":{"line":563,"column":21}},"563":{"start":{"line":564,"column":0},"end":{"line":564,"column":13}},"564":{"start":{"line":565,"column":0},"end":{"line":565,"column":34}},"565":{"start":{"line":566,"column":0},"end":{"line":566,"column":53}},"566":{"start":{"line":567,"column":0},"end":{"line":567,"column":7}},"567":{"start":{"line":568,"column":0},"end":{"line":568,"column":7}},"569":{"start":{"line":570,"column":0},"end":{"line":570,"column":18}},"570":{"start":{"line":571,"column":0},"end":{"line":571,"column":3}},"572":{"start":{"line":573,"column":0},"end":{"line":573,"column":78}},"573":{"start":{"line":574,"column":0},"end":{"line":574,"column":32}},"574":{"start":{"line":575,"column":0},"end":{"line":575,"column":56}},"575":{"start":{"line":576,"column":0},"end":{"line":576,"column":34}},"576":{"start":{"line":577,"column":0},"end":{"line":577,"column":28}},"577":{"start":{"line":578,"column":0},"end":{"line":578,"column":9}},"578":{"start":{"line":579,"column":0},"end":{"line":579,"column":5}},"579":{"start":{"line":580,"column":0},"end":{"line":580,"column":3}},"581":{"start":{"line":582,"column":0},"end":{"line":582,"column":42}},"582":{"start":{"line":583,"column":0},"end":{"line":583,"column":63}},"583":{"start":{"line":584,"column":0},"end":{"line":584,"column":89}},"585":{"start":{"line":586,"column":0},"end":{"line":586,"column":12}},"586":{"start":{"line":587,"column":0},"end":{"line":587,"column":40}},"587":{"start":{"line":588,"column":0},"end":{"line":588,"column":33}},"588":{"start":{"line":589,"column":0},"end":{"line":589,"column":101}},"589":{"start":{"line":590,"column":0},"end":{"line":590,"column":76}},"590":{"start":{"line":591,"column":0},"end":{"line":591,"column":6}},"591":{"start":{"line":592,"column":0},"end":{"line":592,"column":3}},"592":{"start":{"line":593,"column":0},"end":{"line":593,"column":1}}},"s":{"7":0,"57":0,"58":0,"59":0,"61":0,"62":0,"63":0,"65":0,"66":0,"67":0,"69":0,"71":0,"72":0,"73":0,"76":0,"77":0,"78":0,"79":0,"82":0,"83":0,"85":0,"86":0,"87":0,"88":0,"89":0,"91":0,"93":0,"96":0,"97":0,"98":0,"99":0,"101":0,"103":0,"105":0,"106":0,"107":0,"108":0,"109":0,"110":0,"111":0,"130":0,"134":0,"135":0,"136":0,"137":0,"139":0,"140":0,"141":0,"142":0,"143":0,"144":0,"145":0,"146":0,"147":0,"148":0,"149":0,"150":0,"151":0,"152":0,"153":0,"154":0,"155":0,"156":0,"157":0,"159":0,"160":0,"161":0,"163":0,"164":0,"166":0,"167":0,"168":0,"170":0,"171":0,"172":0,"173":0,"175":0,"176":0,"177":0,"179":0,"180":0,"181":0,"183":0,"184":0,"185":0,"187":0,"188":0,"189":0,"191":0,"192":0,"193":0,"195":0,"196":0,"197":0,"199":0,"200":0,"201":0,"203":0,"204":0,"205":0,"207":0,"208":0,"209":0,"211":0,"212":0,"213":0,"215":0,"216":0,"217":0,"218":0,"220":0,"221":0,"222":0,"224":0,"225":0,"226":0,"228":0,"231":0,"232":0,"233":0,"236":0,"237":0,"238":0,"239":0,"240":0,"241":0,"242":0,"243":0,"244":0,"247":0,"248":0,"249":0,"250":0,"252":0,"253":0,"254":0,"255":0,"256":0,"257":0,"258":0,"259":0,"260":0,"261":0,"263":0,"264":0,"266":0,"267":0,"268":0,"269":0,"270":0,"271":0,"272":0,"273":0,"274":0,"275":0,"276":0,"277":0,"278":0,"279":0,"280":0,"281":0,"282":0,"283":0,"284":0,"285":0,"288":0,"289":0,"291":0,"292":0,"293":0,"294":0,"295":0,"296":0,"298":0,"299":0,"300":0,"302":0,"303":0,"305":0,"306":0,"307":0,"308":0,"309":0,"310":0,"311":0,"313":0,"316":0,"317":0,"318":0,"319":0,"320":0,"321":0,"323":0,"324":0,"326":0,"327":0,"328":0,"329":0,"330":0,"331":0,"332":0,"334":0,"336":0,"337":0,"338":0,"339":0,"340":0,"341":0,"342":0,"343":0,"344":0,"345":0,"347":0,"348":0,"350":0,"351":0,"352":0,"355":0,"356":0,"357":0,"358":0,"360":0,"363":0,"364":0,"365":0,"366":0,"367":0,"369":0,"370":0,"371":0,"372":0,"373":0,"374":0,"375":0,"376":0,"377":0,"378":0,"380":0,"382":0,"383":0,"384":0,"385":0,"386":0,"387":0,"388":0,"389":0,"390":0,"391":0,"393":0,"395":0,"396":0,"397":0,"398":0,"399":0,"400":0,"401":0,"402":0,"403":0,"404":0,"406":0,"407":0,"409":0,"410":0,"411":0,"412":0,"413":0,"414":0,"415":0,"416":0,"417":0,"418":0,"420":0,"422":0,"424":0,"425":0,"426":0,"427":0,"428":0,"429":0,"430":0,"431":0,"432":0,"433":0,"435":0,"436":0,"438":0,"440":0,"442":0,"443":0,"444":0,"445":0,"446":0,"447":0,"448":0,"449":0,"450":0,"451":0,"452":0,"453":0,"454":0,"455":0,"456":0,"457":0,"458":0,"459":0,"460":0,"463":0,"471":0,"476":0,"477":0,"478":0,"479":0,"480":0,"481":0,"482":0,"483":0,"485":0,"486":0,"487":0,"488":0,"489":0,"490":0,"492":0,"493":0,"495":0,"496":0,"497":0,"498":0,"499":0,"500":0,"501":0,"503":0,"504":0,"506":0,"507":0,"508":0,"509":0,"510":0,"511":0,"512":0,"513":0,"516":0,"517":0,"524":0,"528":0,"529":0,"530":0,"532":0,"533":0,"534":0,"536":0,"538":0,"539":0,"540":0,"542":0,"543":0,"544":0,"545":0,"546":0,"549":0,"550":0,"551":0,"552":0,"553":0,"555":0,"556":0,"557":0,"558":0,"561":0,"562":0,"563":0,"564":0,"565":0,"566":0,"567":0,"569":0,"570":0,"572":0,"573":0,"574":0,"575":0,"576":0,"577":0,"578":0,"579":0,"581":0,"582":0,"583":0,"585":0,"586":0,"587":0,"588":0,"589":0,"590":0,"591":0,"592":0},"branchMap":{"0":{"type":"branch","line":1,"loc":{"start":{"line":1,"column":16981},"end":{"line":593,"column":1}},"locations":[{"start":{"line":1,"column":16981},"end":{"line":593,"column":1}}]}},"b":{"0":[1]},"fnMap":{"0":{"name":"(empty-report)","decl":{"start":{"line":1,"column":16981},"end":{"line":593,"column":1}},"loc":{"start":{"line":1,"column":16981},"end":{"line":593,"column":1}},"line":1}},"f":{"0":1}}}}
 % Coverage report from v8
-------------------|---------|----------|---------|---------|-------------------
File               | % Stmts | % Branch | % Funcs | % Lines | Uncovered Line #s 
-------------------|---------|----------|---------|---------|-------------------
All files          |   21.12 |    98.06 |     100 |   21.12 |                   
 domain/adapters   |       0 |      100 |     100 |       0 |                   
  ...oopAdapter.ts |       0 |      100 |     100 |       0 | 10-382            
 domain/cqrs       |       0 |      100 |     100 |       0 |                   
  ...oopService.ts |       0 |      100 |     100 |       0 | 8-444             
  ...andHandler.ts |       0 |      100 |     100 |       0 | 8-593             
  Commands.ts      |       0 |      100 |     100 |       0 | 166-372           
  Queries.ts       |       0 |      100 |     100 |       0 | 271-459           
  QueryHandler.ts  |       0 |      100 |     100 |       0 | 8-685             
  index.ts         |       0 |      100 |     100 |       0 | 9-17              
 domain/event-loop |       0 |      100 |     100 |       0 |                   
  ...LoopEngine.ts |       0 |      100 |     100 |       0 | 21-462            
 ...event-sourcing |       0 |      100 |     100 |       0 |                   
  ...LoopEngine.ts |       0 |      100 |     100 |       0 | 8-672             
  EventStore.ts    |       0 |      100 |     100 |       0 | 69-333            
 ...n/queue-system |       0 |      100 |     100 |       0 |                   
  QueueSystem.ts   |       0 |      100 |     100 |       0 | 19-335            
 utils             |   54.65 |    97.99 |     100 |   54.65 |                   
  ariaUtils.ts     |     100 |      100 |     100 |     100 |                   
  colorUtils.ts    |       0 |      100 |     100 |       0 | 13-331            
  eventSystem.ts   |       0 |      100 |     100 |       0 | 6-390             
  ...nSimulator.ts |     100 |    99.09 |     100 |     100 | 160               
  ...Classifier.ts |     100 |      100 |     100 |     100 |                   
  ...eSimulator.ts |   99.47 |    93.44 |     100 |   99.47 | 155               
  styleUtils.ts    |       0 |      100 |     100 |       0 | 6-434             
  textUtils.ts     |     100 |    96.77 |     100 |     100 | 123               
  validation.ts    |       0 |      100 |     100 |       0 | 11-194            
-------------------|---------|----------|---------|---------|-------------------
